22.5.2022, 12:20:34 - INFO - Socket disconnected [id: undefined] 
22.5.2022, 12:20:36 - INFO - New connected socket [id: tYzzj2eSL6XNvq_oAAAJ] 
22.5.2022, 12:21:03 - DEBUG - auth.service - login with username: user1 (userId: 614ad26392b8a1101045b3a1)
22.5.2022, 12:21:03 - INFO - User login:  | {"_id":"614ad26392b8a1101045b3a1","username":"user1","fullname":"Puki Norma","score":3140} (userId: 614ad26392b8a1101045b3a1)
22.5.2022, 12:21:03 - INFO - Setting socket.userId = 614ad26392b8a1101045b3a1 for socket [id: tYzzj2eSL6XNvq_oAAAJ] 
22.5.2022, 12:22:35 - INFO - Socket disconnected [id: undefined] 
22.5.2022, 12:22:35 - INFO - Socket disconnected [id: undefined] 
22.5.2022, 12:22:36 - INFO - Socket disconnected [id: undefined] 
22.5.2022, 12:22:37 - INFO - New connected socket [id: 2QqTjVzWwdROXu0bAAAM] 
22.5.2022, 12:22:37 - INFO - New connected socket [id: B7bS9JRGsmK28rYzAAAN] 
22.5.2022, 12:22:39 - INFO - New connected socket [id: mRCJ4rbIGO73BMMcAAAP] 
22.5.2022, 12:22:40 - INFO - Setting socket.userId = 614ad26392b8a1101045b3a1 for socket [id: mRCJ4rbIGO73BMMcAAAP] 
22.5.2022, 12:27:03 - INFO - New connected socket [id: -BUzrAfBLsXryiQaAAAR] 
22.5.2022, 12:27:03 - INFO - Setting socket.userId = 614ad26392b8a1101045b3a1 for socket [id: -BUzrAfBLsXryiQaAAAR] 
22.5.2022, 12:27:05 - INFO - New chat msg from socket [id: -BUzrAfBLsXryiQaAAAR], emitting to topic Love 
22.5.2022, 12:27:18 - INFO - Socket disconnected [id: undefined] 
22.5.2022, 12:27:18 - INFO - Socket disconnected [id: undefined] 
22.5.2022, 12:27:20 - INFO - New connected socket [id: KZiycNPywcK8xCxQAAAU] 
22.5.2022, 12:27:21 - INFO - New connected socket [id: MlFm92RP29rT74FnAAAV] 
22.5.2022, 12:27:21 - INFO - Setting socket.userId = 614ad26392b8a1101045b3a1 for socket [id: MlFm92RP29rT74FnAAAV] 
22.5.2022, 12:27:21 - INFO - Setting socket.userId = 614ad26392b8a1101045b3a1 for socket [id: MlFm92RP29rT74FnAAAV] 
22.5.2022, 12:27:24 - INFO - New chat msg from socket [id: MlFm92RP29rT74FnAAAV], emitting to topic Love 
22.5.2022, 12:28:08 - INFO - New connected socket [id: U4n1j5ZqaWEe58Y4AAAX] 
22.5.2022, 12:28:08 - INFO - New connected socket [id: 86fdhRiDYQQD6XUMAAAZ] 
22.5.2022, 12:28:09 - INFO - Setting socket.userId = 614ad26392b8a1101045b3a1 for socket [id: 86fdhRiDYQQD6XUMAAAZ] 
22.5.2022, 12:28:30 - INFO - Socket disconnected [id: undefined] 
22.5.2022, 12:28:30 - INFO - Socket disconnected [id: undefined] 
22.5.2022, 12:28:53 - INFO - Socket disconnected [id: undefined] 
22.5.2022, 12:29:17 - INFO - New connected socket [id: n_mkJjbSZVo4YOVmAAAb] 
22.5.2022, 12:29:18 - INFO - New connected socket [id: ejNTHKpzzJ89YHCgAAAd] 
22.5.2022, 12:29:18 - INFO - New connected socket [id: 1FfDydN0OapSNjz_AAAf] 
22.5.2022, 12:29:18 - INFO - Setting socket.userId = 614ad26392b8a1101045b3a1 for socket [id: 1FfDydN0OapSNjz_AAAf] 
22.5.2022, 12:29:18 - INFO - Setting socket.userId = 614ad26392b8a1101045b3a1 for socket [id: 1FfDydN0OapSNjz_AAAf] 
22.5.2022, 12:29:25 - INFO - New chat msg from socket [id: 1FfDydN0OapSNjz_AAAf], emitting to topic Love 
22.5.2022, 12:29:37 - INFO - Socket disconnected [id: undefined] 
22.5.2022, 12:29:37 - INFO - Socket disconnected [id: undefined] 
22.5.2022, 12:29:37 - INFO - Socket disconnected [id: undefined] 
22.5.2022, 12:29:37 - INFO - Socket disconnected [id: undefined] 
22.5.2022, 12:29:38 - INFO - New connected socket [id: fvBwvzWDtD92GhMfAAAi] 
22.5.2022, 12:29:38 - INFO - New connected socket [id: rGrIV1Ru3JpYKanLAAAj] 
22.5.2022, 12:29:40 - INFO - New chat msg from socket [id: fvBwvzWDtD92GhMfAAAi], emitting to topic Love 
22.5.2022, 12:29:48 - INFO - Socket is leaving topic Love [id: fvBwvzWDtD92GhMfAAAi] 
22.5.2022, 12:29:50 - INFO - New chat msg from socket [id: fvBwvzWDtD92GhMfAAAi], emitting to topic Politics 
22.5.2022, 12:29:52 - INFO - Socket is leaving topic Love [id: 1FfDydN0OapSNjz_AAAf] 
22.5.2022, 12:29:57 - INFO - New chat msg from socket [id: 1FfDydN0OapSNjz_AAAf], emitting to topic Politics 
22.5.2022, 12:30:04 - INFO - New connected socket [id: plCcCqupiDHyld2UAAAl] 
22.5.2022, 12:30:05 - INFO - Setting socket.userId = 614ad26392b8a1101045b3a1 for socket [id: plCcCqupiDHyld2UAAAl] 
22.5.2022, 12:30:08 - INFO - New chat msg from socket [id: plCcCqupiDHyld2UAAAl], emitting to topic Politics 
22.5.2022, 12:30:33 - INFO - New connected socket [id: 0stgyTJy3n4OgaYnAAAn] 
22.5.2022, 12:30:34 - INFO - New connected socket [id: ydymkx_-7V93uBzDAAAp] 
22.5.2022, 12:30:34 - INFO - Setting socket.userId = 614ad26392b8a1101045b3a1 for socket [id: 0stgyTJy3n4OgaYnAAAn] 
22.5.2022, 12:33:50 - INFO - Socket disconnected [id: undefined] 
22.5.2022, 12:33:50 - INFO - Socket disconnected [id: undefined] 
22.5.2022, 12:33:50 - INFO - Socket disconnected [id: undefined] 
22.5.2022, 12:33:50 - INFO - Socket disconnected [id: undefined] 
22.5.2022, 12:33:50 - INFO - Socket disconnected [id: undefined] 
22.5.2022, 12:33:51 - INFO - Socket disconnected [id: undefined] 
22.5.2022, 12:33:51 - INFO - Socket disconnected [id: undefined] 
22.5.2022, 12:33:54 - INFO - New connected socket [id: TTmNL1dGwk-S_jULAAAs] 
22.5.2022, 12:33:54 - INFO - New connected socket [id: U6AwtEMcqFfKt0PQAAAt] 
22.5.2022, 12:33:56 - INFO - New connected socket [id: XxiopI45tBSt4agTAAAv] 
22.5.2022, 12:33:56 - INFO - New connected socket [id: qbsSlJtWRI7m7a02AAAx] 
22.5.2022, 12:34:01 - INFO - Setting socket.userId = 614ad26392b8a1101045b3a1 for socket [id: qbsSlJtWRI7m7a02AAAx] 
22.5.2022, 12:34:01 - INFO - Setting socket.userId = 614ad26392b8a1101045b3a1 for socket [id: qbsSlJtWRI7m7a02AAAx] 
22.5.2022, 12:34:01 - INFO - New connected socket [id: 3wRnMPyGKGzFJ2NpAAAz] 
22.5.2022, 12:34:01 - INFO - New connected socket [id: YW9Fu4crINjIpAIBAAA1] 
22.5.2022, 12:34:02 - INFO - Setting socket.userId = 614ad26392b8a1101045b3a1 for socket [id: 3wRnMPyGKGzFJ2NpAAAz] 
22.5.2022, 12:34:12 - INFO - New connected socket [id: M_WYsYSrYNMnwgL-AAA3] 
22.5.2022, 12:34:12 - INFO - New connected socket [id: tqi40f8K4hopopZWAAA5] 
22.5.2022, 12:34:13 - INFO - Setting socket.userId = 614ad26392b8a1101045b3a1 for socket [id: M_WYsYSrYNMnwgL-AAA3] 
22.5.2022, 12:34:38 - INFO - New connected socket [id: VFYwSGb3a0OfE-AxAAA7] 
22.5.2022, 12:34:38 - INFO - New connected socket [id: 0P2WkGzQ2H6HNqn7AAA9] 
22.5.2022, 12:34:39 - INFO - Setting socket.userId = 614ad26392b8a1101045b3a1 for socket [id: 0P2WkGzQ2H6HNqn7AAA9] 
22.5.2022, 12:34:59 - INFO - New connected socket [id: PVS-WK9KuLcKO6N2AAA_] 
22.5.2022, 12:34:59 - INFO - New connected socket [id: JmtpTt1QxJBwfI2rAABB] 
22.5.2022, 12:35:00 - INFO - Setting socket.userId = 614ad26392b8a1101045b3a1 for socket [id: PVS-WK9KuLcKO6N2AAA_] 
22.5.2022, 12:36:36 - DEBUG - auth.service - signup with username: ya, fullname: Ya 
22.5.2022, 12:36:36 - DEBUG - auth.route - new account created: {"username":"ya","password":"$2b$10$j6/XZncPCi1CfI1RsfSB1.zIXgZrpYrSZjrtC5mCxK0Mp/phQcwZm","fullname":"Ya","imgUrl":"https://res.cloudinary.com/dcwibf9o5/image/upload/v1653212192/jfz8ymdhk5i6jdb2u4bq.jpg","score":100,"_id":"628a0424ae695950446757ed"} 
22.5.2022, 12:36:36 - DEBUG - auth.service - login with username: ya 
22.5.2022, 12:36:36 - INFO - User signup: | {"_id":"628a0424ae695950446757ed","username":"ya","fullname":"Ya","imgUrl":"https://res.cloudinary.com/dcwibf9o5/image/upload/v1653212192/jfz8ymdhk5i6jdb2u4bq.jpg","score":100} 
22.5.2022, 12:36:36 - INFO - Setting socket.userId = 628a0424ae695950446757ed for socket [id: JmtpTt1QxJBwfI2rAABB] 
22.5.2022, 12:37:12 - INFO - Broadcasting event: review-added (userId: 614ad26392b8a1101045b3a1)
22.5.2022, 12:37:12 - INFO - Broadcast to all excluding user: 614ad26392b8a1101045b3a1 (userId: 614ad26392b8a1101045b3a1)
22.5.2022, 12:37:12 - INFO - No active socket for user: 614ad26392b8a1101045b3a2 (userId: 614ad26392b8a1101045b3a1)
22.5.2022, 12:37:21 - INFO - Socket disconnected [id: undefined] 
22.5.2022, 12:37:21 - INFO - Socket disconnected [id: undefined] 
22.5.2022, 12:37:21 - INFO - Socket disconnected [id: undefined] 
22.5.2022, 12:37:21 - INFO - Socket disconnected [id: undefined] 
22.5.2022, 12:37:21 - INFO - Socket disconnected [id: undefined] 
22.5.2022, 12:37:21 - INFO - Socket disconnected [id: undefined] 
22.5.2022, 12:37:22 - INFO - New connected socket [id: MezB_7I3gkaalxL0AABD] 
22.5.2022, 12:37:23 - INFO - Setting socket.userId = 614ad26392b8a1101045b3a1 for socket [id: MezB_7I3gkaalxL0AABD] 
22.5.2022, 12:37:34 - INFO - Broadcasting event: review-added (userId: 614ad26392b8a1101045b3a1)
22.5.2022, 12:37:34 - INFO - Broadcast to all excluding user: 614ad26392b8a1101045b3a1 (userId: 614ad26392b8a1101045b3a1)
22.5.2022, 12:37:34 - INFO - No active socket for user: 614ad26392b8a1101045b3a2 (userId: 614ad26392b8a1101045b3a1)
22.5.2022, 12:42:17 - INFO - Broadcasting event: review-added (userId: 614ad26392b8a1101045b3a1)
22.5.2022, 12:42:17 - INFO - Broadcast to all excluding user: 614ad26392b8a1101045b3a1 (userId: 614ad26392b8a1101045b3a1)
22.5.2022, 12:42:17 - INFO - Emiting event: review-about-you to user: 628a0424ae695950446757ed socket [id: JmtpTt1QxJBwfI2rAABB] (userId: 614ad26392b8a1101045b3a1)
22.5.2022, 12:42:23 - INFO - Socket disconnected [id: undefined] 
22.5.2022, 12:42:23 - INFO - Socket disconnected [id: undefined] 
22.5.2022, 12:42:23 - INFO - Socket disconnected [id: undefined] 
22.5.2022, 12:42:23 - INFO - Socket disconnected [id: undefined] 
22.5.2022, 12:42:23 - INFO - Socket disconnected [id: undefined] 
22.5.2022, 12:42:23 - INFO - Socket disconnected [id: undefined] 
22.5.2022, 12:42:25 - INFO - New connected socket [id: E9WeiJex6SooPIH-AABF] 
22.5.2022, 12:42:25 - INFO - Setting socket.userId = 628a0424ae695950446757ed for socket [id: E9WeiJex6SooPIH-AABF] 
22.5.2022, 12:42:31 - INFO - Broadcasting event: review-added (userId: 614ad26392b8a1101045b3a1)
22.5.2022, 12:42:31 - INFO - Broadcast to all excluding user: 614ad26392b8a1101045b3a1 (userId: 614ad26392b8a1101045b3a1)
22.5.2022, 12:42:31 - INFO - Emiting event: review-about-you to user: 628a0424ae695950446757ed socket [id: E9WeiJex6SooPIH-AABF] (userId: 614ad26392b8a1101045b3a1)
22.5.2022, 12:50:13 - INFO - Server is running on port: 3030 
22.5.2022, 12:50:14 - INFO - New connected socket [id: mZHpoZgSSRZdhPhnAAAD] 
22.5.2022, 12:50:14 - INFO - New connected socket [id: RW_hz9tYkApiAfrSAAAE] 
22.5.2022, 12:50:14 - INFO - New connected socket [id: Lo3Gi2gYCkos4d0yAAAF] 
22.5.2022, 12:53:43 - INFO - user-watch from socket [id: RW_hz9tYkApiAfrSAAAE], on user 614ad26392b8a1101045b3a1 
22.5.2022, 12:53:58 - INFO - user-watch from socket [id: RW_hz9tYkApiAfrSAAAE], on user 628a0424ae695950446757ed 
22.5.2022, 12:54:09 - INFO - Broadcasting event: review-added (userId: 628a0424ae695950446757ed)
22.5.2022, 12:54:09 - INFO - Emit to all (userId: 628a0424ae695950446757ed)
22.5.2022, 12:54:09 - INFO - No active socket for user: 614ad26492b8a1101045b3a3 (userId: 628a0424ae695950446757ed)
22.5.2022, 12:54:46 - INFO - Socket disconnected [id: undefined] 
22.5.2022, 16:49:49 - INFO - Server is running on port: 3030 
22.5.2022, 16:49:52 - INFO - New connected socket [id: asjkL4j2tCdZmaXyAAAB] 
22.5.2022, 16:52:08 - INFO - New connected socket [id: U723rQ9T0m89RpHiAAAD] 
22.5.2022, 17:31:25 - INFO - Socket disconnected [id: undefined] 
22.5.2022, 17:31:25 - INFO - Socket disconnected [id: undefined] 
23.5.2022, 8:16:15 - INFO - New connected socket [id: 6UUa-eprSPNSgulWAAAG] 
23.5.2022, 8:16:15 - INFO - New connected socket [id: Bmopc5goLW2xwCDfAAAH] 
23.5.2022, 22:55:42 - INFO - Server is running on port: 3030 
23.5.2022, 22:55:43 - INFO - New connected socket [id: aIjoZ3CzWtIUS2pCAAAB] 
23.5.2022, 22:56:33 - INFO - Socket disconnected [id: undefined] 
23.5.2022, 22:56:34 - INFO - New connected socket [id: rgC-KNNOjPWNvZ3rAAAD] 
23.5.2022, 22:58:11 - INFO - Socket disconnected [id: undefined] 
23.5.2022, 22:58:12 - INFO - New connected socket [id: z8LjDUZbWX7Kre5pAAAF] 
23.5.2022, 22:59:05 - INFO - Socket disconnected [id: undefined] 
23.5.2022, 22:59:06 - INFO - New connected socket [id: zhDqDh3KxyyQ1iPQAAAH] 
23.5.2022, 22:59:14 - INFO - Socket disconnected [id: undefined] 
23.5.2022, 22:59:14 - INFO - New connected socket [id: 40yAjkMI_Ky37pJQAAAJ] 
23.5.2022, 22:59:19 - DEBUG - auth.service - login with username: user1 
23.5.2022, 22:59:19 - INFO - User login:  | {"_id":"614ad26392b8a1101045b3a1","username":"user1","fullname":"Puki Norma","score":3180} 
23.5.2022, 22:59:19 - INFO - Setting socket.userId = 614ad26392b8a1101045b3a1 for socket [id: 40yAjkMI_Ky37pJQAAAJ] 
23.5.2022, 22:59:29 - INFO - New connected socket [id: wsjewyuE2MmYVMAUAAAL] 
23.5.2022, 22:59:33 - INFO - Socket disconnected [id: undefined] 
23.5.2022, 22:59:44 - INFO - New connected socket [id: 07ykm9KFEVllJjXMAAAN] 
23.5.2022, 22:59:49 - INFO - user-watch from socket [id: 07ykm9KFEVllJjXMAAAN], on user 614ad26392b8a1101045b3a2 
23.5.2022, 23:00:03 - INFO - user-watch from socket [id: 07ykm9KFEVllJjXMAAAN], on user 614ad26392b8a1101045b3a1 
23.5.2022, 23:00:21 - INFO - Broadcasting event: review-added (userId: 614ad26392b8a1101045b3a1)
23.5.2022, 23:00:21 - INFO - Emit to all (userId: 614ad26392b8a1101045b3a1)
23.5.2022, 23:00:21 - INFO - No active socket for user: 628a0424ae695950446757ed (userId: 614ad26392b8a1101045b3a1)
23.5.2022, 23:11:33 - INFO - New chat msg from socket [id: 40yAjkMI_Ky37pJQAAAJ], emitting to topic Love 
23.5.2022, 23:11:36 - INFO - New chat msg from socket [id: 40yAjkMI_Ky37pJQAAAJ], emitting to topic Love 
23.5.2022, 23:11:44 - INFO - New chat msg from socket [id: 40yAjkMI_Ky37pJQAAAJ], emitting to topic Love 
23.5.2022, 23:12:40 - INFO - New chat msg from socket [id: 40yAjkMI_Ky37pJQAAAJ], emitting to topic Love 
23.5.2022, 23:12:43 - INFO - New chat msg from socket [id: 40yAjkMI_Ky37pJQAAAJ], emitting to topic Love 
23.5.2022, 23:15:25 - INFO - Server is running on port: 3030 
23.5.2022, 23:15:25 - INFO - New connected socket [id: DI8E-DSvNIV-hWo5AAAB] 
23.5.2022, 23:15:25 - INFO - New connected socket [id: DbqvncklAfeTQHfZAAAD] 
23.5.2022, 23:16:48 - INFO - Server is running on port: 3030 
23.5.2022, 23:16:48 - INFO - New connected socket [id: UjIIBPMTB6HbJW30AAAB] 
23.5.2022, 23:16:49 - INFO - New connected socket [id: LiTwRF4yKF4Bf4D0AAAD] 
23.5.2022, 23:17:04 - INFO - Server is running on port: 3030 
23.5.2022, 23:17:04 - INFO - New connected socket [id: 2_xH7b0ZhOdV7-qHAAAB] 
23.5.2022, 23:17:04 - INFO - New connected socket [id: ckikpwH0dnqNY4SCAAAD] 
23.5.2022, 23:17:46 - INFO - Socket disconnected [id: undefined] 
23.5.2022, 23:17:46 - INFO - Socket disconnected [id: undefined] 
23.5.2022, 23:17:47 - INFO - New connected socket [id: ipSkD0-xv_U7oGhCAAAF] 
23.5.2022, 23:17:47 - INFO - user-watch from socket [id: ipSkD0-xv_U7oGhCAAAF], on user 614ad26392b8a1101045b3a1 
23.5.2022, 23:17:47 - INFO - New connected socket [id: beQjNEIqRyk0Yd8nAAAH] 
23.5.2022, 23:17:47 - INFO - Setting socket.userId = 614ad26392b8a1101045b3a1 for socket [id: beQjNEIqRyk0Yd8nAAAH] 
23.5.2022, 23:18:23 - INFO - Socket disconnected [id: undefined] 
23.5.2022, 23:18:23 - INFO - Socket disconnected [id: undefined] 
23.5.2022, 23:18:24 - INFO - New connected socket [id: ur19sbfa63Eft3RJAAAK] 
23.5.2022, 23:18:24 - INFO - New connected socket [id: 82gvu_3xMbzUdds4AAAL] 
23.5.2022, 23:18:24 - INFO - user-watch from socket [id: ur19sbfa63Eft3RJAAAK], on user 614ad26392b8a1101045b3a1 
23.5.2022, 23:18:24 - INFO - Setting socket.userId = 614ad26392b8a1101045b3a1 for socket [id: 82gvu_3xMbzUdds4AAAL] 
23.5.2022, 23:21:12 - INFO - Socket disconnected [id: undefined] 
23.5.2022, 23:21:13 - INFO - Socket disconnected [id: undefined] 
23.5.2022, 23:21:13 - INFO - New connected socket [id: YIEI4W5m_w34_I_eAAAN] 
23.5.2022, 23:21:13 - INFO - user-watch from socket [id: YIEI4W5m_w34_I_eAAAN], on user 614ad26392b8a1101045b3a1 
23.5.2022, 23:21:13 - INFO - New connected socket [id: k7HsJdn5xhsL9fLKAAAP] 
23.5.2022, 23:21:14 - INFO - Setting socket.userId = 614ad26392b8a1101045b3a1 for socket [id: k7HsJdn5xhsL9fLKAAAP] 
23.5.2022, 23:25:26 - INFO - Socket disconnected [id: undefined] 
23.5.2022, 23:25:26 - INFO - New connected socket [id: 2PVQpzCY-ATeAdPdAAAR] 
23.5.2022, 23:25:26 - INFO - Setting socket.userId = 614ad26392b8a1101045b3a1 for socket [id: 2PVQpzCY-ATeAdPdAAAR] 
23.5.2022, 23:29:45 - INFO - New chat msg from socket [id: 2PVQpzCY-ATeAdPdAAAR], emitting to topic Love 
23.5.2022, 23:29:47 - INFO - Socket is leaving topic Love [id: 2PVQpzCY-ATeAdPdAAAR] 
23.5.2022, 23:29:53 - INFO - Socket disconnected [id: undefined] 
23.5.2022, 23:29:53 - INFO - New connected socket [id: gMdn8-9nACNq8dq5AAAT] 
23.5.2022, 23:29:54 - INFO - Setting socket.userId = 614ad26392b8a1101045b3a1 for socket [id: gMdn8-9nACNq8dq5AAAT] 
23.5.2022, 23:29:56 - INFO - Socket is leaving topic Love [id: gMdn8-9nACNq8dq5AAAT] 
23.5.2022, 23:29:59 - INFO - Socket disconnected [id: undefined] 
23.5.2022, 23:30:00 - INFO - New connected socket [id: NHXd6eTnNjZjm-G6AAAV] 
23.5.2022, 23:30:00 - INFO - Setting socket.userId = 614ad26392b8a1101045b3a1 for socket [id: NHXd6eTnNjZjm-G6AAAV] 
23.5.2022, 23:30:02 - INFO - Socket is leaving topic Love [id: NHXd6eTnNjZjm-G6AAAV] 
23.5.2022, 23:30:04 - INFO - Socket is leaving topic Politics [id: NHXd6eTnNjZjm-G6AAAV] 
23.5.2022, 23:30:05 - INFO - Socket is leaving topic Love [id: NHXd6eTnNjZjm-G6AAAV] 
23.5.2022, 23:31:09 - INFO - Socket is leaving topic on [id: NHXd6eTnNjZjm-G6AAAV] 
23.5.2022, 23:34:16 - INFO - New chat msg from socket [id: NHXd6eTnNjZjm-G6AAAV], emitting to topic Love 
23.5.2022, 23:34:19 - INFO - New chat msg from socket [id: NHXd6eTnNjZjm-G6AAAV], emitting to topic Love 
23.5.2022, 23:34:26 - INFO - New chat msg from socket [id: YIEI4W5m_w34_I_eAAAN], emitting to topic Love 
23.5.2022, 23:36:51 - INFO - Server is running on port: 3030 
23.5.2022, 23:36:51 - INFO - New connected socket [id: B-PzTmFHNzSfTZyxAAAB] 
23.5.2022, 23:36:52 - INFO - New connected socket [id: ipf6SAiIJ6WvA0hYAAAD] 
23.5.2022, 23:36:57 - INFO - Server is running on port: 3030 
23.5.2022, 23:36:57 - INFO - New connected socket [id: _aXIwy3BuXq7pdMWAAAB] 
23.5.2022, 23:36:57 - INFO - New connected socket [id: KkbRpY-GbBGJObO7AAAD] 
23.5.2022, 23:37:09 - INFO - Server is running on port: 3030 
23.5.2022, 23:37:09 - INFO - New connected socket [id: H4lqOXD8c4F2W5N4AAAB] 
23.5.2022, 23:37:09 - INFO - New connected socket [id: aZTEDyYK9yvF5LewAAAD] 
23.5.2022, 23:37:15 - INFO - Server is running on port: 3030 
23.5.2022, 23:37:15 - INFO - New connected socket [id: uGUhKM5Exn0Sjxq7AAAB] 
23.5.2022, 23:37:16 - INFO - New connected socket [id: BMRrdNIBKMYGdiO_AAAD] 
23.5.2022, 23:37:26 - INFO - Server is running on port: 3030 
23.5.2022, 23:37:26 - INFO - New connected socket [id: xAtJUiGP9bFkW4o3AAAB] 
23.5.2022, 23:37:27 - INFO - New connected socket [id: 2YfcZS2U2KdNofLnAAAD] 
23.5.2022, 23:37:32 - INFO - Server is running on port: 3030 
23.5.2022, 23:37:33 - INFO - New connected socket [id: Xg4l194VIZyliYT-AAAB] 
23.5.2022, 23:37:33 - INFO - New connected socket [id: 5gDJsYepTNkBeA1AAAAD] 
23.5.2022, 23:37:37 - INFO - Server is running on port: 3030 
23.5.2022, 23:37:38 - INFO - New connected socket [id: tHB2oaKKoHmB0Vt1AAAB] 
23.5.2022, 23:37:38 - INFO - New connected socket [id: wl5r4CvxwCID0uztAAAD] 
23.5.2022, 23:37:47 - INFO - Server is running on port: 3030 
23.5.2022, 23:37:47 - INFO - New connected socket [id: 2wBTlwx9tRdQepTmAAAB] 
23.5.2022, 23:37:47 - INFO - New connected socket [id: _2OV3CcGFibZl_lnAAAD] 
23.5.2022, 23:37:59 - INFO - Socket disconnected [id: undefined] 
23.5.2022, 23:37:59 - INFO - Socket disconnected [id: undefined] 
23.5.2022, 23:38:00 - INFO - New connected socket [id: GzEaFfz-Gq5X09B6AAAF] 
23.5.2022, 23:38:00 - INFO - New connected socket [id: ldqxIC73KGtg2MxWAAAH] 
23.5.2022, 23:38:00 - INFO - Setting socket.userId = 614ad26392b8a1101045b3a1 for socket [id: ldqxIC73KGtg2MxWAAAH] 
23.5.2022, 23:38:09 - INFO - Socket disconnected [id: undefined] 
23.5.2022, 23:38:09 - INFO - Socket disconnected [id: undefined] 
23.5.2022, 23:38:10 - INFO - New connected socket [id: HVLhPIc99NQ856__AAAJ] 
23.5.2022, 23:38:10 - INFO - New connected socket [id: 8TjyZ30oTknH7-8iAAAL] 
23.5.2022, 23:38:10 - INFO - Setting socket.userId = 614ad26392b8a1101045b3a1 for socket [id: 8TjyZ30oTknH7-8iAAAL] 
23.5.2022, 23:39:07 - INFO - Server is running on port: 3030 
23.5.2022, 23:39:07 - INFO - New connected socket [id: IqWmK9KBx0kEmN64AAAB] 
23.5.2022, 23:39:08 - INFO - Server is running on port: 3030 
23.5.2022, 23:39:08 - INFO - New connected socket [id: jf_ljBOgFf9nWRNqAAAB] 
23.5.2022, 23:39:09 - INFO - New connected socket [id: TMlb19Ehj8_hkEc9AAAD] 
23.5.2022, 23:39:15 - INFO - Server is running on port: 3030 
23.5.2022, 23:39:15 - INFO - New connected socket [id: Osqlc6AcitgeFyrEAAAB] 
23.5.2022, 23:39:15 - INFO - New connected socket [id: y3u3SyStK_3RIQs_AAAD] 
23.5.2022, 23:39:30 - INFO - Server is running on port: 3030 
23.5.2022, 23:39:31 - INFO - New connected socket [id: fJVbkuBEnJMcJlZKAAAB] 
23.5.2022, 23:39:31 - INFO - New connected socket [id: 2yNRvWi-Nkn9iRvxAAAD] 
23.5.2022, 23:40:54 - INFO - Socket disconnected [id: undefined] 
23.5.2022, 23:46:09 - INFO - Socket disconnected [id: undefined] 
23.5.2022, 23:46:09 - INFO - New connected socket [id: Ma4aw9avngTD3ozfAAAF] 
23.5.2022, 23:46:12 - INFO - Socket disconnected [id: undefined] 
23.5.2022, 23:46:12 - INFO - New connected socket [id: KIU9zQY6oXX2MUShAAAH] 
23.5.2022, 23:47:13 - INFO - Server is running on port: 3030 
23.5.2022, 23:47:13 - INFO - New connected socket [id: 6ekkpdRLLFb0p5ZTAAAB] 
24.5.2022, 12:28:06 - INFO - New connected socket [id: a1NwKgrf8zLQUQf9AAAD] 
24.5.2022, 12:28:20 - DEBUG - auth.service - login with username: user1 (userId: 614ad26392b8a1101045b3a1)
24.5.2022, 12:28:20 - INFO - User login:  | {"_id":"614ad26392b8a1101045b3a1","username":"user1","fullname":"Puki Norma","score":3190} (userId: 614ad26392b8a1101045b3a1)
24.5.2022, 12:28:20 - INFO - Setting socket.userId = 614ad26392b8a1101045b3a1 for socket [id: a1NwKgrf8zLQUQf9AAAD] 
24.5.2022, 12:28:34 - INFO - Socket disconnected [id: undefined] 
24.5.2022, 12:28:35 - INFO - New connected socket [id: J82MjHdbdYjPlld6AAAF] 
24.5.2022, 12:28:40 - DEBUG - auth.service - login with username: ya 
24.5.2022, 12:28:40 - INFO - User login:  | {"_id":"628a0424ae695950446757ed","username":"ya","fullname":"Ya","imgUrl":"https://res.cloudinary.com/dcwibf9o5/image/upload/v1653212192/jfz8ymdhk5i6jdb2u4bq.jpg","score":110} 
24.5.2022, 12:28:40 - INFO - Setting socket.userId = 628a0424ae695950446757ed for socket [id: J82MjHdbdYjPlld6AAAF] 
24.5.2022, 12:29:05 - INFO - user-watch from socket [id: J82MjHdbdYjPlld6AAAF], on user 614ad26392b8a1101045b3a1 
24.5.2022, 12:29:30 - INFO - Broadcasting event: review-added (userId: 614ad26392b8a1101045b3a1)
24.5.2022, 12:29:30 - INFO - Emit to all (userId: 614ad26392b8a1101045b3a1)
24.5.2022, 12:29:30 - INFO - No active socket for user: 614ad26492b8a1101045b3a3 (userId: 614ad26392b8a1101045b3a1)
24.5.2022, 12:40:02 - INFO - Socket disconnected [id: undefined] 
24.5.2022, 12:40:04 - INFO - New connected socket [id: bZKuhqrn_3l580mwAAAH] 
24.5.2022, 12:40:04 - INFO - Setting socket.userId = 614ad26392b8a1101045b3a1 for socket [id: bZKuhqrn_3l580mwAAAH] 
24.5.2022, 12:40:04 - INFO - Socket disconnected [id: undefined] 
24.5.2022, 12:40:05 - INFO - New connected socket [id: B0rRln74Fd2ZTZw7AAAJ] 
24.5.2022, 12:40:06 - INFO - Setting socket.userId = 628a0424ae695950446757ed for socket [id: B0rRln74Fd2ZTZw7AAAJ] 
24.5.2022, 12:40:06 - INFO - user-watch from socket [id: B0rRln74Fd2ZTZw7AAAJ], on user 614ad26392b8a1101045b3a1 
24.5.2022, 12:40:14 - INFO - Socket disconnected [id: undefined] 
24.5.2022, 12:40:15 - INFO - New connected socket [id: w0uImw39E6PLEjm2AAAL] 
24.5.2022, 12:40:16 - INFO - Setting socket.userId = 614ad26392b8a1101045b3a1 for socket [id: w0uImw39E6PLEjm2AAAL] 
24.5.2022, 12:40:20 - INFO - Removing socket.userId for socket [id: w0uImw39E6PLEjm2AAAL] 
24.5.2022, 12:40:26 - INFO - Socket disconnected [id: undefined] 
24.5.2022, 12:40:26 - INFO - New connected socket [id: KODxHQYEVRpeqY02AAAN] 
24.5.2022, 12:40:44 - INFO - Socket disconnected [id: undefined] 
24.5.2022, 12:40:44 - INFO - Socket disconnected [id: undefined] 
24.5.2022, 12:40:45 - INFO - New connected socket [id: bYGNPw6tcwfjKPcCAAAP] 
24.5.2022, 12:40:46 - INFO - Setting socket.userId = dRBsy for socket [id: bYGNPw6tcwfjKPcCAAAP] 
24.5.2022, 12:40:46 - INFO - Setting socket.userId = BoNn0 for socket [id: bYGNPw6tcwfjKPcCAAAP] 
24.5.2022, 12:40:47 - INFO - Setting socket.userId = HeIc1 for socket [id: bYGNPw6tcwfjKPcCAAAP] 
24.5.2022, 12:40:48 - INFO - Socket disconnected [id: undefined] 
24.5.2022, 12:40:50 - INFO - New connected socket [id: kUzx-QXIYL9hvyIYAAAR] 
24.5.2022, 12:40:50 - INFO - Socket disconnected [id: undefined] 
24.5.2022, 12:40:51 - INFO - New connected socket [id: Lh2-OsoVhCrGxRW2AAAT] 
24.5.2022, 12:40:51 - INFO - Setting socket.userId = HeIc1 for socket [id: Lh2-OsoVhCrGxRW2AAAT] 
24.5.2022, 12:40:51 - INFO - New connected socket [id: BNGnz1LxjVx8FmaRAAAV] 
24.5.2022, 12:40:52 - INFO - Setting socket.userId = FpCI0 for socket [id: BNGnz1LxjVx8FmaRAAAV] 
24.5.2022, 12:40:52 - INFO - user-watch from socket [id: BNGnz1LxjVx8FmaRAAAV], on user 614ad26392b8a1101045b3a1 
24.5.2022, 12:41:01 - INFO - Removing socket.userId for socket [id: Lh2-OsoVhCrGxRW2AAAT] 
24.5.2022, 12:41:04 - INFO - Setting socket.userId = BoNn0 for socket [id: Lh2-OsoVhCrGxRW2AAAT] 
24.5.2022, 12:41:16 - INFO - user-watch from socket [id: Lh2-OsoVhCrGxRW2AAAT], on user dRBsy 
24.5.2022, 12:41:31 - INFO - Socket disconnected [id: undefined] 
24.5.2022, 12:41:31 - INFO - New connected socket [id: G-SpbeRahNq9INtwAAAX] 
24.5.2022, 12:41:32 - INFO - Setting socket.userId = FpCI0 for socket [id: G-SpbeRahNq9INtwAAAX] 
24.5.2022, 12:41:33 - INFO - Removing socket.userId for socket [id: G-SpbeRahNq9INtwAAAX] 
24.5.2022, 12:41:39 - INFO - Setting socket.userId = ho81U for socket [id: G-SpbeRahNq9INtwAAAX] 
24.5.2022, 12:41:46 - INFO - user-watch from socket [id: G-SpbeRahNq9INtwAAAX], on user WYCHM 
24.5.2022, 12:41:55 - INFO - Socket disconnected [id: undefined] 
24.5.2022, 12:41:58 - INFO - New connected socket [id: wWnBIRkJECFGDEETAAAZ] 
24.5.2022, 12:41:58 - INFO - Setting socket.userId = BoNn0 for socket [id: wWnBIRkJECFGDEETAAAZ] 
24.5.2022, 12:42:10 - INFO - Socket disconnected [id: undefined] 
24.5.2022, 12:42:18 - INFO - New connected socket [id: DpMXFnofrH-r5nfCAAAb] 
24.5.2022, 12:42:28 - INFO - Setting socket.userId = dRBsy for socket [id: DpMXFnofrH-r5nfCAAAb] 
24.5.2022, 12:42:36 - INFO - user-watch from socket [id: wWnBIRkJECFGDEETAAAZ], on user dRBsy 
30.5.2022, 21:03:23 - INFO - Server is running on port: 3030 
30.5.2022, 21:03:33 - INFO - Server is running on port: 3030 
30.5.2022, 21:11:57 - INFO - Server is running on port: 3030 
30.5.2022, 21:12:03 - DEBUG - Getting Boards 
30.5.2022, 21:17:30 - DEBUG - Getting Boards 
31.5.2022, 8:38:23 - INFO - Server is running on port: 3030 
31.5.2022, 8:40:18 - DEBUG - Getting Boards 
2.6.2022, 8:44:11 - INFO - Server is running on port: 3030 
2.6.2022, 9:02:07 - INFO - Server is running on port: 3030 
2.6.2022, 9:02:47 - DEBUG - auth.service - signup with username: ShlomoL, fullname: shlomo (userId: 628a33f072ec74850c58a91a)
2.6.2022, 9:02:47 - DEBUG - auth.route - new account created: {"username":"ShlomoL","password":"$2b$10$2J23pTA6CKY//o0ydyokpOwzebJjCDtQFKUHUMmViNXqXowVAth2e","fullname":"shlomo","score":100,"_id":"629852871392df88276210df"} (userId: 628a33f072ec74850c58a91a)
2.6.2022, 9:02:47 - DEBUG - auth.service - login with username: ShlomoL (userId: 628a33f072ec74850c58a91a)
2.6.2022, 9:02:47 - INFO - User signup: | {"_id":"629852871392df88276210df","username":"ShlomoL","fullname":"shlomo","imgUrl":null,"score":100} (userId: 628a33f072ec74850c58a91a)
2.6.2022, 9:03:05 - DEBUG - auth.service - login with username: ShlomoL (userId: 628a33f072ec74850c58a91a)
2.6.2022, 9:03:05 - INFO - User login:  | {"_id":"629852871392df88276210df","username":"ShlomoL","fullname":"shlomo","imgUrl":null,"score":100} (userId: 628a33f072ec74850c58a91a)
2.6.2022, 14:27:52 - DEBUG - auth.service - login with username: ShlomoL (userId: 629852871392df88276210df)
2.6.2022, 14:27:52 - INFO - User login:  | {"_id":"629852871392df88276210df","username":"ShlomoL","fullname":"shlomo","imgUrl":null,"score":100} (userId: 629852871392df88276210df)
2.6.2022, 14:44:46 - INFO - Server is running on port: 3030 
2.6.2022, 14:44:58 - DEBUG - auth.service - login with username: ShlomoL 
2.6.2022, 14:44:58 - INFO - User login:  | {"_id":"629852871392df88276210df","username":"ShlomoL","fullname":"shlomo","imgUrl":null,"score":100} 
2.6.2022, 16:02:43 - DEBUG - auth.service - login with username: Shabi 
2.6.2022, 16:02:43 - INFO - User login:  | {"_id":"62984d6909347e47eb951fc7","fullname":"Shabi","username":"Shabi"} 
2.6.2022, 16:39:26 - INFO - Server is running on port: 3030 
2.6.2022, 16:43:34 - DEBUG - auth.service - signup with username: Shtok, fullname: Shlomo Lifschitz (userId: 629852871392df88276210df)
2.6.2022, 16:43:34 - DEBUG - auth.route - new account created: {"username":"Shtok","password":"$2b$10$8yq/NjQ7X2VsukzVVyceEuvfc9S4N7LZYB1bsmggPv4oCDxJhSp52","fullname":"Shlomo Lifschitz","score":100,"_id":"6298be86dd19c52973ffc8b8"} (userId: 629852871392df88276210df)
2.6.2022, 16:43:34 - DEBUG - auth.service - login with username: Shtok (userId: 629852871392df88276210df)
2.6.2022, 16:43:34 - INFO - User signup: | {"_id":"6298be86dd19c52973ffc8b8","username":"Shtok","fullname":"Shlomo Lifschitz","imgUrl":null,"score":100} (userId: 629852871392df88276210df)
2.6.2022, 16:43:46 - DEBUG - auth.service - login with username: Shtok (userId: 6298be86dd19c52973ffc8b8)
2.6.2022, 16:43:46 - INFO - User login:  | {"_id":"6298be86dd19c52973ffc8b8","username":"Shtok","fullname":"Shlomo Lifschitz","imgUrl":null,"score":100} (userId: 6298be86dd19c52973ffc8b8)
2.6.2022, 17:46:28 - INFO - Server is running on port: 3030 
2.6.2022, 17:47:33 - DEBUG - auth.service - signup with username: Shubi, fullname: Shlomo LIfschitz (userId: 62984d6909347e47eb951fc7)
2.6.2022, 17:47:33 - DEBUG - auth.route - new account created: {"username":"Shubi","password":"$2b$10$ye5fEW9DMYxnnf7CtR2JKeIcvHXBgrxeTOU/z68KWYTZtXfde0isa","fullname":"Shlomo LIfschitz","score":100,"_id":"6298cd8584a68d71d27303a4"} (userId: 62984d6909347e47eb951fc7)
2.6.2022, 17:47:33 - DEBUG - auth.service - login with username: Shubi (userId: 62984d6909347e47eb951fc7)
2.6.2022, 17:47:33 - INFO - User signup: | {"_id":"6298cd8584a68d71d27303a4","username":"Shubi","fullname":"Shlomo LIfschitz","imgUrl":null,"score":100} (userId: 62984d6909347e47eb951fc7)
2.6.2022, 17:48:48 - INFO - Server is running on port: 3030 
2.6.2022, 17:48:50 - INFO - Server is running on port: 3030 
2.6.2022, 17:48:54 - INFO - Server is running on port: 3030 
2.6.2022, 17:48:55 - INFO - Server is running on port: 3030 
2.6.2022, 17:49:00 - DEBUG - auth.service - signup with username: Shubi, fullname: Shlomo LIfschitz (userId: 6298cd8584a68d71d27303a4)
2.6.2022, 17:49:00 - DEBUG - auth.route - new account created: {"username":"Shubi","password":"$2b$10$Cz5tDzMeL4Vkep7MDjOVFeVdP87EwJEUfW0CPEI/Mel0goLkbBIoS","fullname":"Shlomo LIfschitz","score":100,"_id":"6298cddc832ff9327630f7ab"} (userId: 6298cd8584a68d71d27303a4)
2.6.2022, 17:49:00 - DEBUG - auth.service - login with username: Shubi (userId: 6298cd8584a68d71d27303a4)
2.6.2022, 17:49:00 - INFO - User signup: | {"_id":"6298cddc832ff9327630f7ab","username":"Shubi","fullname":"Shlomo LIfschitz","imgUrl":null,"score":100} (userId: 6298cd8584a68d71d27303a4)
2.6.2022, 18:01:43 - DEBUG - auth.service - signup with username: Shabi, fullname: Shani The Snail (userId: 6298cddc832ff9327630f7ab)
2.6.2022, 18:01:44 - DEBUG - auth.route - new account created: {"username":"Shabi","password":"$2b$10$kSUN4BtxPSLYrTB/DcZGXuBbLSu0fmPEYlq8qTgrqR2ylIeWcx/Ji","fullname":"Shani The Snail","score":100,"_id":"6298d0d8832ff9327630f7ac"} (userId: 6298cddc832ff9327630f7ab)
2.6.2022, 18:01:44 - DEBUG - auth.service - login with username: Shabi (userId: 6298cddc832ff9327630f7ab)
2.6.2022, 18:01:44 - INFO - User signup: | {"_id":"6298d0d8832ff9327630f7ac","username":"Shabi","fullname":"Shani The Snail","imgUrl":null,"score":100} (userId: 6298cddc832ff9327630f7ab)
2.6.2022, 18:06:40 - INFO - Server is running on port: 3030 
2.6.2022, 18:07:13 - DEBUG - auth.service - signup with username: Shabi, fullname: Shani The Slug (userId: 6298d0d8832ff9327630f7ac)
2.6.2022, 18:07:13 - ERROR - Failed to signup Username already taken (userId: 6298d0d8832ff9327630f7ac)
2.6.2022, 18:07:23 - DEBUG - auth.service - signup with username: Shab, fullname: Shani The Slug (userId: 6298d0d8832ff9327630f7ac)
2.6.2022, 18:07:23 - DEBUG - auth.route - new account created: {"username":"Shab","password":"$2b$10$zInmdkMyLIGTaPF6g5R3XOGXqrgARkoVgiNuNLcE4q6Gd/AdgLAAy","fullname":"Shani The Slug","score":100,"_id":"6298d22bee3159826e8ded96"} (userId: 6298d0d8832ff9327630f7ac)
2.6.2022, 18:07:23 - DEBUG - auth.service - login with username: Shab (userId: 6298d0d8832ff9327630f7ac)
2.6.2022, 18:07:23 - INFO - User signup: | {"_id":"6298d22bee3159826e8ded96","username":"Shab","fullname":"Shani The Slug","imgUrl":null,"score":100} (userId: 6298d0d8832ff9327630f7ac)
2.6.2022, 18:13:18 - DEBUG - auth.service - signup with username: shabi, fullname: Shani the Slug (userId: 6298be86dd19c52973ffc8b8)
2.6.2022, 18:13:18 - DEBUG - auth.route - new account created: {"username":"shabi","password":"$2b$10$Nm5bryUm.FnTGslyHqvXwucX6ExCj7.Zla3sBHu0EX9UNtHmobeJC","fullname":"Shani the Slug","score":100,"_id":"6298d38eee3159826e8ded97"} (userId: 6298be86dd19c52973ffc8b8)
2.6.2022, 18:13:18 - DEBUG - auth.service - login with username: shabi (userId: 6298be86dd19c52973ffc8b8)
2.6.2022, 18:13:18 - INFO - User signup: | {"_id":"6298d38eee3159826e8ded97","username":"shabi","fullname":"Shani the Slug","imgUrl":null,"score":100} (userId: 6298be86dd19c52973ffc8b8)
2.6.2022, 18:13:31 - DEBUG - auth.service - login with username: shabi (userId: 6298d38eee3159826e8ded97)
2.6.2022, 18:13:31 - INFO - User login:  | {"_id":"6298d38eee3159826e8ded97","username":"shabi","fullname":"Shani the Slug","imgUrl":null,"score":100} (userId: 6298d38eee3159826e8ded97)
2.6.2022, 18:17:01 - DEBUG - auth.service - signup with username: Shabluli, fullname: Shani The SHablul (userId: 6298d22bee3159826e8ded96)
2.6.2022, 18:17:01 - DEBUG - auth.route - new account created: {"username":"Shabluli","password":"$2b$10$jT5QvL8YupvzI6YcS1HHreTPfWWTYBUlQDe7Zl60a0ouVMgO44gum","fullname":"Shani The SHablul","score":100,"_id":"6298d46dee3159826e8ded98"} (userId: 6298d22bee3159826e8ded96)
2.6.2022, 18:17:01 - DEBUG - auth.service - login with username: Shabluli (userId: 6298d22bee3159826e8ded96)
2.6.2022, 18:17:01 - INFO - User signup: | {"_id":"6298d46dee3159826e8ded98","username":"Shabluli","fullname":"Shani The SHablul","imgUrl":null,"score":100} (userId: 6298d22bee3159826e8ded96)
2.6.2022, 18:19:28 - INFO - Server is running on port: 3030 
2.6.2022, 18:19:36 - INFO - Server is running on port: 3030 
2.6.2022, 18:19:38 - INFO - Server is running on port: 3030 
2.6.2022, 18:21:45 - DEBUG - auth.service - signup with username: Shablulilul, fullname: Shani The SHabluli (userId: 6298d46dee3159826e8ded98)
2.6.2022, 18:21:47 - DEBUG - auth.route - new account created: {"username":"Shablulilul","password":"$2b$10$KsguPsMsFj72TR1CEfQHCenz5S1B7P9boRigECi53u7WuSpLeWLl.","fullname":"Shani The SHabluli","score":100,"_id":"6298d58b4d84bc6e8fc539db"} (userId: 6298d46dee3159826e8ded98)
2.6.2022, 18:21:47 - DEBUG - auth.service - login with username: Shablulilul (userId: 6298d46dee3159826e8ded98)
2.6.2022, 18:21:47 - INFO - User signup: | {"_id":"6298d58b4d84bc6e8fc539db","username":"Shablulilul","fullname":"Shani The SHabluli","imgUrl":null,"score":100} (userId: 6298d46dee3159826e8ded98)
2.6.2022, 18:38:54 - INFO - Server is running on port: 3030 
2.6.2022, 18:39:24 - INFO - Server is running on port: 3030 
2.6.2022, 18:41:31 - DEBUG - auth.service - signup with username: shabi, fullname: Shbi Shabon 
2.6.2022, 18:41:32 - DEBUG - auth.route - new account created: {"username":"shabi","password":"$2b$10$u7YwMXzVg8CfMFlTVWozAOi9kt4p8HQmD4Soa2wUP6orOS567TiKi","fullname":"Shbi Shabon","score":100,"_id":"6298da2c2dee060060138006"} 
2.6.2022, 18:41:32 - DEBUG - auth.service - login with username: shabi 
2.6.2022, 18:41:32 - INFO - User signup: | {"_id":"6298da2c2dee060060138006","username":"shabi","fullname":"Shbi Shabon","imgUrl":null,"score":100} 
2.6.2022, 18:44:59 - DEBUG - Getting Boards (userId: 6298d38eee3159826e8ded97)
2.6.2022, 18:46:45 - DEBUG - Getting Boards (userId: 6298d38eee3159826e8ded97)
2.6.2022, 18:46:48 - DEBUG - Getting Boards (userId: 6298d38eee3159826e8ded97)
2.6.2022, 18:53:12 - DEBUG - Getting Boards (userId: 6298d38eee3159826e8ded97)
2.6.2022, 18:53:44 - DEBUG - Getting Boards (userId: 6298d38eee3159826e8ded97)
2.6.2022, 18:54:03 - ERROR - cannot find boards | MongoServerSelectionError: read ECONNRESET (userId: 6298d38eee3159826e8ded97)
2.6.2022, 18:54:03 - ERROR - Failed to get boards | MongoServerSelectionError: read ECONNRESET (userId: 6298d38eee3159826e8ded97)
2.6.2022, 18:54:56 - ERROR - cannot find boards | MongoServerSelectionError: read ECONNRESET (userId: 6298d38eee3159826e8ded97)
2.6.2022, 18:54:56 - ERROR - Failed to get boards | MongoServerSelectionError: read ECONNRESET (userId: 6298d38eee3159826e8ded97)
2.6.2022, 18:55:38 - DEBUG - auth.service - login with username: shabi 
2.6.2022, 18:55:52 - INFO - User login:  | {"_id":"6298da2c2dee060060138006","username":"shabi","fullname":"Shbi Shabon","imgUrl":null,"score":100} 
2.6.2022, 18:55:52 - DEBUG - Getting Boards 
2.6.2022, 18:56:17 - ERROR - while finding board b101 | BSONTypeError: Argument passed in must be a string of 12 bytes or a string of 24 hex characters or an integer 
2.6.2022, 18:56:17 - ERROR - Failed to get board | BSONTypeError: Argument passed in must be a string of 12 bytes or a string of 24 hex characters or an integer 
2.6.2022, 18:56:29 - DEBUG - Getting Boards 
2.6.2022, 18:56:31 - ERROR - while finding board b101 | BSONTypeError: Argument passed in must be a string of 12 bytes or a string of 24 hex characters or an integer 
2.6.2022, 18:56:31 - ERROR - Failed to get board | BSONTypeError: Argument passed in must be a string of 12 bytes or a string of 24 hex characters or an integer 
2.6.2022, 18:56:54 - DEBUG - Getting Boards 
2.6.2022, 18:56:56 - ERROR - while finding board b101 | BSONTypeError: Argument passed in must be a string of 12 bytes or a string of 24 hex characters or an integer 
2.6.2022, 18:56:56 - ERROR - Failed to get board | BSONTypeError: Argument passed in must be a string of 12 bytes or a string of 24 hex characters or an integer 
2.6.2022, 18:57:13 - ERROR - while finding board b101 | BSONTypeError: Argument passed in must be a string of 12 bytes or a string of 24 hex characters or an integer 
2.6.2022, 18:57:13 - ERROR - Failed to get board | BSONTypeError: Argument passed in must be a string of 12 bytes or a string of 24 hex characters or an integer 
2.6.2022, 18:57:19 - ERROR - while finding board b101 | BSONTypeError: Argument passed in must be a string of 12 bytes or a string of 24 hex characters or an integer 
2.6.2022, 18:57:19 - ERROR - Failed to get board | BSONTypeError: Argument passed in must be a string of 12 bytes or a string of 24 hex characters or an integer 
2.6.2022, 18:57:23 - ERROR - while finding board b101 | BSONTypeError: Argument passed in must be a string of 12 bytes or a string of 24 hex characters or an integer 
2.6.2022, 18:57:23 - ERROR - Failed to get board | BSONTypeError: Argument passed in must be a string of 12 bytes or a string of 24 hex characters or an integer 
2.6.2022, 18:57:27 - ERROR - while finding board b101 | BSONTypeError: Argument passed in must be a string of 12 bytes or a string of 24 hex characters or an integer 
2.6.2022, 18:57:27 - ERROR - Failed to get board | BSONTypeError: Argument passed in must be a string of 12 bytes or a string of 24 hex characters or an integer 
2.6.2022, 18:57:41 - ERROR - while finding board b101 | BSONTypeError: Argument passed in must be a string of 12 bytes or a string of 24 hex characters or an integer 
2.6.2022, 18:57:41 - ERROR - Failed to get board | BSONTypeError: Argument passed in must be a string of 12 bytes or a string of 24 hex characters or an integer 
2.6.2022, 18:57:52 - DEBUG - Getting Boards 
2.6.2022, 18:57:54 - ERROR - Failed to get board | BSONTypeError: Argument passed in must be a string of 12 bytes or a string of 24 hex characters or an integer 
2.6.2022, 18:57:54 - ERROR - while finding board b101 | BSONTypeError: Argument passed in must be a string of 12 bytes or a string of 24 hex characters or an integer 
2.6.2022, 18:58:06 - DEBUG - Getting Boards 
2.6.2022, 18:58:10 - ERROR - while finding board b101 | BSONTypeError: Argument passed in must be a string of 12 bytes or a string of 24 hex characters or an integer 
2.6.2022, 18:58:10 - ERROR - Failed to get board | BSONTypeError: Argument passed in must be a string of 12 bytes or a string of 24 hex characters or an integer 
2.6.2022, 18:58:39 - DEBUG - Getting Boards 
2.6.2022, 19:03:05 - DEBUG - Getting Boards 
2.6.2022, 19:11:37 - DEBUG - Getting Boards 
2.6.2022, 19:11:53 - ERROR - while finding board undefined | BSONTypeError: Argument passed in must be a string of 12 bytes or a string of 24 hex characters or an integer 
2.6.2022, 19:11:53 - ERROR - Failed to get board | BSONTypeError: Argument passed in must be a string of 12 bytes or a string of 24 hex characters or an integer 
2.6.2022, 19:12:14 - ERROR - while finding board undefined | BSONTypeError: Argument passed in must be a string of 12 bytes or a string of 24 hex characters or an integer 
2.6.2022, 19:12:14 - ERROR - Failed to get board | BSONTypeError: Argument passed in must be a string of 12 bytes or a string of 24 hex characters or an integer 
2.6.2022, 19:12:40 - DEBUG - Getting Boards 
2.6.2022, 19:36:15 - DEBUG - Getting Boards 
2.6.2022, 19:36:28 - ERROR - while finding board undefined | BSONTypeError: Argument passed in must be a string of 12 bytes or a string of 24 hex characters or an integer 
2.6.2022, 19:36:28 - ERROR - Failed to get board | BSONTypeError: Argument passed in must be a string of 12 bytes or a string of 24 hex characters or an integer 
2.6.2022, 19:37:21 - DEBUG - Getting Boards 
2.6.2022, 19:54:18 - DEBUG - Getting Boards 
2.6.2022, 19:54:43 - DEBUG - Getting Boards 
2.6.2022, 19:58:44 - DEBUG - Getting Boards 
2.6.2022, 19:59:33 - DEBUG - Getting Boards 
2.6.2022, 20:03:02 - ERROR - while finding board undefined | BSONTypeError: Argument passed in must be a string of 12 bytes or a string of 24 hex characters or an integer 
2.6.2022, 20:03:02 - ERROR - Failed to get board | BSONTypeError: Argument passed in must be a string of 12 bytes or a string of 24 hex characters or an integer 
2.6.2022, 20:03:14 - DEBUG - Getting Boards 
2.6.2022, 20:32:53 - DEBUG - Getting Boards 
2.6.2022, 20:33:17 - DEBUG - Getting Boards 
2.6.2022, 20:50:27 - DEBUG - Getting Boards 
2.6.2022, 20:50:32 - DEBUG - Getting Boards 
2.6.2022, 20:50:51 - ERROR - Failed to get board | BSONTypeError: Argument passed in must be a string of 12 bytes or a string of 24 hex characters or an integer 
2.6.2022, 20:50:51 - ERROR - while finding board undefined | BSONTypeError: Argument passed in must be a string of 12 bytes or a string of 24 hex characters or an integer 
2.6.2022, 20:51:10 - DEBUG - Getting Boards 
2.6.2022, 20:51:59 - DEBUG - Getting Boards 
2.6.2022, 20:52:42 - DEBUG - Getting Boards 
2.6.2022, 20:53:44 - DEBUG - Getting Boards 
2.6.2022, 20:57:58 - ERROR - while finding board undefined | BSONTypeError: Argument passed in must be a string of 12 bytes or a string of 24 hex characters or an integer 
2.6.2022, 20:57:58 - ERROR - Failed to get board | BSONTypeError: Argument passed in must be a string of 12 bytes or a string of 24 hex characters or an integer 
2.6.2022, 20:58:16 - DEBUG - Getting Boards 
2.6.2022, 21:01:44 - DEBUG - Getting Boards 
2.6.2022, 21:07:53 - DEBUG - Getting Boards 
2.6.2022, 21:10:40 - DEBUG - Getting Boards 
2.6.2022, 21:13:07 - DEBUG - Getting Boards 
2.6.2022, 21:16:04 - DEBUG - Getting Boards 
2.6.2022, 21:16:17 - DEBUG - Getting Boards 
2.6.2022, 21:28:36 - DEBUG - Getting Boards 
2.6.2022, 21:28:44 - ERROR - while finding board undefined | BSONTypeError: Argument passed in must be a string of 12 bytes or a string of 24 hex characters or an integer 
2.6.2022, 21:28:44 - ERROR - Failed to get board | BSONTypeError: Argument passed in must be a string of 12 bytes or a string of 24 hex characters or an integer 
2.6.2022, 21:29:57 - DEBUG - Getting Boards 
2.6.2022, 21:30:08 - ERROR - while finding board undefined | BSONTypeError: Argument passed in must be a string of 12 bytes or a string of 24 hex characters or an integer 
2.6.2022, 21:30:08 - ERROR - Failed to get board | BSONTypeError: Argument passed in must be a string of 12 bytes or a string of 24 hex characters or an integer 
2.6.2022, 21:35:18 - DEBUG - Getting Boards 
2.6.2022, 21:37:57 - DEBUG - Getting Boards 
2.6.2022, 21:43:42 - DEBUG - Getting Boards 
2.6.2022, 21:44:49 - DEBUG - Getting Boards 
2.6.2022, 21:45:17 - DEBUG - Getting Boards 
31.5.2022, 10:55:49 - INFO - Server is running on port: 3030 
31.5.2022, 11:13:35 - INFO - Server is running on port: 3030 
31.5.2022, 11:30:03 - DEBUG - auth.service - login with username: Noyai 
31.5.2022, 11:30:04 - ERROR - Failed to Login Invalid username or password 
31.5.2022, 11:30:26 - DEBUG - auth.service - login with username: Noyai 
31.5.2022, 11:30:26 - ERROR - Failed to Login Invalid username or password 
31.5.2022, 11:34:18 - DEBUG - auth.service - login with username: Noyai 
31.5.2022, 11:34:18 - ERROR - Failed to Login Invalid username or password 
31.5.2022, 11:35:34 - DEBUG - auth.service - login with username: Noyai 
31.5.2022, 11:35:34 - ERROR - Failed to Login Invalid username or password 
31.5.2022, 11:36:14 - INFO - Server is running on port: 3030 
31.5.2022, 11:36:21 - DEBUG - auth.service - login with username: Noyai 
31.5.2022, 11:36:21 - ERROR - Failed to Login Invalid password 
31.5.2022, 11:38:29 - DEBUG - auth.service - signup with username: Shablul, fullname: Shlomo Lifshitz 
31.5.2022, 11:38:29 - DEBUG - auth.route - new account created: {"username":"Shablul","password":"$2b$10$VvVE2l9bTafzlQqX6velrexFl9rkayweW2EmmPRtO4EpuDbNPl32S","fullname":"Shlomo Lifshitz","score":100,"_id":"6295d40592cf5e2553e0d1fe"} 
31.5.2022, 11:38:29 - DEBUG - auth.service - login with username: Shablul 
31.5.2022, 11:38:29 - INFO - User signup: | {"_id":"6295d40592cf5e2553e0d1fe","username":"Shablul","fullname":"Shlomo Lifshitz","imgUrl":null,"score":100} 
31.5.2022, 11:40:01 - DEBUG - auth.service - login with username: Shablul 
31.5.2022, 11:40:02 - INFO - User login:  | {"_id":"6295d40592cf5e2553e0d1fe","username":"Shablul","fullname":"Shlomo Lifshitz","imgUrl":null,"score":100} 
31.5.2022, 11:40:31 - DEBUG - auth.service - login with username: Noyai 
31.5.2022, 11:40:31 - ERROR - Failed to Login Invalid password 
31.5.2022, 11:41:42 - DEBUG - auth.service - signup with username: Noyai, fullname: Noya Itzhaki 
31.5.2022, 11:41:42 - DEBUG - auth.route - new account created: {"username":"Noyai","password":"$2b$10$oL8EEGZWIXXOo4qYTD8f.uGxYWZfGnJSpiC7t2QH.b3i8ZMtVngkm","fullname":"Noya Itzhaki","score":100,"_id":"6295d4c692cf5e2553e0d1ff"} 
31.5.2022, 11:41:42 - DEBUG - auth.service - login with username: Noyai 
31.5.2022, 11:41:43 - INFO - User signup: | {"_id":"6295d4c692cf5e2553e0d1ff","username":"Noyai","fullname":"Noya Itzhaki","imgUrl":null,"score":100} 
31.5.2022, 11:42:38 - DEBUG - auth.service - signup with username: Erezwiz, fullname: Erez Wiezel (userId: 6295d4c692cf5e2553e0d1ff)
31.5.2022, 11:42:39 - DEBUG - auth.route - new account created: {"username":"Erezwiz","password":"$2b$10$jJyqNfLsDnv1c.BKGf/37eGQY0sKb1OvVUNPstIJWpTmeq1nZ7.ZK","fullname":"Erez Wiezel","score":100,"_id":"6295d4ff92cf5e2553e0d200"} (userId: 6295d4c692cf5e2553e0d1ff)
31.5.2022, 11:42:39 - DEBUG - auth.service - login with username: Erezwiz (userId: 6295d4c692cf5e2553e0d1ff)
31.5.2022, 11:42:39 - INFO - User signup: | {"_id":"6295d4ff92cf5e2553e0d200","username":"Erezwiz","fullname":"Erez Wiezel","imgUrl":null,"score":100} (userId: 6295d4c692cf5e2553e0d1ff)
31.5.2022, 14:25:09 - INFO - Server is running on port: 3030 
31.5.2022, 15:48:43 - DEBUG - auth.service - login with username: Noyai (userId: 628b66ebfcc4bd3afc365e46)
31.5.2022, 15:48:45 - INFO - User login:  | {"_id":"6295d4c692cf5e2553e0d1ff","username":"Noyai","fullname":"Noya Itzhaki","imgUrl":null,"score":100} (userId: 628b66ebfcc4bd3afc365e46)
31.5.2022, 15:50:32 - DEBUG - auth.service - login with username: Shablul (userId: 628b66ebfcc4bd3afc365e46)
31.5.2022, 15:50:34 - INFO - User login:  | {"_id":"6295d40592cf5e2553e0d1fe","username":"Shablul","fullname":"Shlomo Lifshitz","imgUrl":null,"score":100} (userId: 628b66ebfcc4bd3afc365e46)
31.5.2022, 15:54:25 - DEBUG - auth.service - login with username: Shablul 
31.5.2022, 15:54:28 - INFO - User login:  | {"_id":"6295d40592cf5e2553e0d1fe","username":"Shablul","fullname":"Shlomo Lifshitz","imgUrl":null,"score":100} 
31.5.2022, 15:54:59 - DEBUG - auth.service - signup with username: noyai, fullname: noya 
31.5.2022, 15:55:00 - DEBUG - auth.route - new account created: {"username":"noyai","password":"$2b$10$ig9gkWFmY8gZek3PfS81FujiRIbTSAjxmXQ1N8HV5uWOXgazo6kc6","fullname":"noya","score":100,"_id":"62961024f917466600a6ecce"} 
31.5.2022, 15:55:00 - DEBUG - auth.service - login with username: noyai 
31.5.2022, 15:55:01 - INFO - User signup: | {"_id":"62961024f917466600a6ecce","username":"noyai","fullname":"noya","imgUrl":null,"score":100} 
31.5.2022, 15:55:23 - DEBUG - auth.service - login with username: noyai 
31.5.2022, 15:55:25 - INFO - User login:  | {"_id":"62961024f917466600a6ecce","username":"noyai","fullname":"noya","imgUrl":null,"score":100} 
31.5.2022, 15:55:33 - DEBUG - auth.service - login with username: noyai 
31.5.2022, 15:55:34 - INFO - User login:  | {"_id":"62961024f917466600a6ecce","username":"noyai","fullname":"noya","imgUrl":null,"score":100} 
31.5.2022, 16:36:54 - DEBUG - auth.service - login with username: Sablul 
31.5.2022, 16:36:54 - ERROR - Failed to Login Invalid username 
2.6.2022, 22:26:43 - INFO - Server is running on port: 3030 
2.6.2022, 22:28:19 - DEBUG - Getting Boards (userId: 628a4aef4217c3fb3809aab8)
2.6.2022, 22:29:09 - DEBUG - Getting Boards (userId: 628a4aef4217c3fb3809aab8)
2.6.2022, 22:33:50 - DEBUG - Getting Boards (userId: 628a4aef4217c3fb3809aab8)
2.6.2022, 22:38:57 - DEBUG - Getting Boards (userId: 628a4aef4217c3fb3809aab8)
2.6.2022, 22:39:13 - DEBUG - Getting Boards (userId: 628a4aef4217c3fb3809aab8)
2.6.2022, 22:39:23 - DEBUG - Getting Boards (userId: 628a4aef4217c3fb3809aab8)
2.6.2022, 22:41:19 - DEBUG - Getting Boards (userId: 628a4aef4217c3fb3809aab8)
2.6.2022, 22:42:17 - DEBUG - Getting Boards (userId: 628a4aef4217c3fb3809aab8)
2.6.2022, 22:44:25 - DEBUG - Getting Boards (userId: 628a4aef4217c3fb3809aab8)
2.6.2022, 22:48:11 - DEBUG - Getting Boards (userId: 628a4aef4217c3fb3809aab8)
3.6.2022, 8:33:59 - DEBUG - Getting Boards (userId: 628a4aef4217c3fb3809aab8)
3.6.2022, 8:57:37 - DEBUG - Getting Boards (userId: 628a4aef4217c3fb3809aab8)
3.6.2022, 9:00:30 - DEBUG - Getting Boards (userId: 628a4aef4217c3fb3809aab8)
3.6.2022, 9:06:26 - DEBUG - Getting Boards (userId: 628a4aef4217c3fb3809aab8)
3.6.2022, 9:07:55 - DEBUG - Getting Boards (userId: 628a4aef4217c3fb3809aab8)
3.6.2022, 9:09:01 - DEBUG - Getting Boards (userId: 628a4aef4217c3fb3809aab8)
3.6.2022, 9:09:50 - DEBUG - Getting Boards (userId: 628a4aef4217c3fb3809aab8)
3.6.2022, 9:12:17 - DEBUG - Getting Boards (userId: 628a4aef4217c3fb3809aab8)
3.6.2022, 10:21:54 - DEBUG - Getting Boards (userId: 628a4aef4217c3fb3809aab8)
3.6.2022, 10:26:58 - DEBUG - Getting Boards (userId: 628a4aef4217c3fb3809aab8)
3.6.2022, 10:37:06 - DEBUG - Getting Boards (userId: 628a4aef4217c3fb3809aab8)
3.6.2022, 11:16:46 - DEBUG - Getting Boards (userId: 628a4aef4217c3fb3809aab8)
3.6.2022, 12:15:22 - DEBUG - Getting Boards (userId: 628a4aef4217c3fb3809aab8)
3.6.2022, 12:17:25 - DEBUG - Getting Boards (userId: 628a4aef4217c3fb3809aab8)
3.6.2022, 16:32:21 - DEBUG - Getting Boards (userId: 628a4aef4217c3fb3809aab8)
3.6.2022, 16:42:19 - DEBUG - Getting Boards (userId: 628a4aef4217c3fb3809aab8)
3.6.2022, 16:42:27 - DEBUG - Getting Boards (userId: 628a4aef4217c3fb3809aab8)
3.6.2022, 17:35:56 - DEBUG - Getting Boards (userId: 628a4aef4217c3fb3809aab8)
3.6.2022, 18:26:39 - DEBUG - auth.service - login with username: s (userId: 628a4aef4217c3fb3809aab8)
3.6.2022, 18:26:39 - INFO - User login:  | {"_id":"6299f629c65d4889b1d1763d","username":"s","fullname":"s","imgUrl":null,"score":100} (userId: 628a4aef4217c3fb3809aab8)
3.6.2022, 18:26:40 - DEBUG - Getting Boards (userId: 6299f629c65d4889b1d1763d)
3.6.2022, 18:27:14 - DEBUG - Getting Boards (userId: 6299f629c65d4889b1d1763d)
3.6.2022, 20:04:56 - DEBUG - Getting Boards (userId: 6299f629c65d4889b1d1763d)
3.6.2022, 22:24:36 - DEBUG - auth.service - login with username: s (userId: 6299f629c65d4889b1d1763d)
3.6.2022, 22:24:37 - INFO - User login:  | {"_id":"6299f629c65d4889b1d1763d","username":"s","fullname":"s","imgUrl":null,"score":100} (userId: 6299f629c65d4889b1d1763d)
3.6.2022, 22:24:37 - DEBUG - Getting Boards (userId: 6299f629c65d4889b1d1763d)
4.6.2022, 7:28:30 - DEBUG - Getting Boards (userId: 6299f629c65d4889b1d1763d)
4.6.2022, 16:12:17 - INFO - Server is running on port: 3030 
4.6.2022, 16:14:12 - INFO - New connected socket [id: pIxrNTuAPZUu8uj5AAAB] 
4.6.2022, 16:14:13 - INFO - Setting socket.userId = 6299f629c65d4889b1d1763d for socket [id: pIxrNTuAPZUu8uj5AAAB] 
4.6.2022, 16:19:43 - INFO - Server is running on port: 3030 
4.6.2022, 16:19:44 - INFO - New connected socket [id: lpZtRQecHznSNyibAAAB] 
4.6.2022, 16:19:54 - DEBUG - Getting Boards (userId: 6299f629c65d4889b1d1763d)
4.6.2022, 16:26:14 - INFO - Server is running on port: 3030 
4.6.2022, 16:26:14 - INFO - New connected socket [id: -WMQFBL6v4-KeJugAAAB] 
4.6.2022, 16:26:16 - INFO - Socket disconnected [id: undefined] 
4.6.2022, 16:26:17 - INFO - New connected socket [id: 9_l6DBBYA6GKvYw5AAAD] 
4.6.2022, 16:26:17 - INFO - Setting socket.userId = 6299f629c65d4889b1d1763d for socket [id: 9_l6DBBYA6GKvYw5AAAD] 
4.6.2022, 16:26:49 - INFO - Socket disconnected [id: undefined] 
4.6.2022, 16:26:52 - INFO - New connected socket [id: RGPsXLjX5h_VH65bAAAF] 
4.6.2022, 16:26:52 - INFO - Setting socket.userId = 6299f629c65d4889b1d1763d for socket [id: RGPsXLjX5h_VH65bAAAF] 
4.6.2022, 16:27:00 - DEBUG - Getting Boards (userId: 6299f629c65d4889b1d1763d)
4.6.2022, 16:27:15 - DEBUG - Getting Boards (userId: 6299f629c65d4889b1d1763d)
4.6.2022, 16:27:23 - INFO - Socket disconnected [id: undefined] 
4.6.2022, 16:27:33 - INFO - New connected socket [id: upFUtsqdVkVrxR2DAAAH] 
4.6.2022, 16:27:33 - INFO - Setting socket.userId = 6299f629c65d4889b1d1763d for socket [id: upFUtsqdVkVrxR2DAAAH] 
4.6.2022, 16:31:21 - DEBUG - Getting Boards (userId: 6299f629c65d4889b1d1763d)
4.6.2022, 16:31:35 - DEBUG - Getting Boards (userId: 6299f629c65d4889b1d1763d)
4.6.2022, 16:31:40 - INFO - New boardToUpdate from socket [id: upFUtsqdVkVrxR2DAAAH], emitting to board undefined 
4.6.2022, 16:31:50 - INFO - New boardToUpdate from socket [id: upFUtsqdVkVrxR2DAAAH], emitting to board undefined 
4.6.2022, 16:32:17 - INFO - New connected socket [id: FPIOA1hUSwBQr98GAAAJ] 
4.6.2022, 16:32:21 - INFO - Socket disconnected [id: undefined] 
4.6.2022, 16:32:58 - INFO - New connected socket [id: sfwmE3tASM0QTQ8JAAAL] 
4.6.2022, 16:32:59 - INFO - Socket disconnected [id: undefined] 
4.6.2022, 16:33:07 - INFO - New connected socket [id: YbD2dbw9aFLFxNcEAAAN] 
4.6.2022, 16:33:10 - DEBUG - Getting Boards 
4.6.2022, 16:33:12 - INFO - Socket disconnected [id: undefined] 
4.6.2022, 16:33:33 - INFO - New connected socket [id: BKkiXvaaqewsFH9TAAAP] 
4.6.2022, 16:33:33 - INFO - Setting socket.userId = 6299f629c65d4889b1d1763d for socket [id: BKkiXvaaqewsFH9TAAAP] 
4.6.2022, 16:33:51 - DEBUG - Getting Boards (userId: 6299f629c65d4889b1d1763d)
4.6.2022, 16:33:51 - INFO - Socket disconnected [id: undefined] 
4.6.2022, 16:33:59 - INFO - New connected socket [id: wzImnIXVineJvBW5AAAR] 
4.6.2022, 16:33:59 - DEBUG - Getting Boards (userId: 6299f629c65d4889b1d1763d)
4.6.2022, 16:33:59 - INFO - Setting socket.userId = 6299f629c65d4889b1d1763d for socket [id: wzImnIXVineJvBW5AAAR] 
4.6.2022, 16:34:20 - INFO - New boardToUpdate from socket [id: wzImnIXVineJvBW5AAAR], emitting to board undefined 
4.6.2022, 16:36:51 - INFO - Socket disconnected [id: undefined] 
4.6.2022, 16:36:51 - INFO - Socket disconnected [id: undefined] 
4.6.2022, 16:36:52 - INFO - New connected socket [id: kZ6bqwJL15DMptE8AAAT] 
4.6.2022, 16:36:53 - INFO - New connected socket [id: oOQmi9qGr_iKdyDXAAAV] 
4.6.2022, 16:36:54 - INFO - Setting socket.userId = 6299f629c65d4889b1d1763d for socket [id: oOQmi9qGr_iKdyDXAAAV] 
4.6.2022, 16:37:46 - INFO - Server is running on port: 3030 
4.6.2022, 16:37:46 - INFO - New connected socket [id: 83xlnNckv2KBt4S_AAAC] 
4.6.2022, 16:37:46 - INFO - New connected socket [id: 9qJbaUxXDax8BxADAAAD] 
4.6.2022, 16:40:37 - DEBUG - auth.service - login with username: s 
4.6.2022, 16:40:38 - INFO - User login:  | {"_id":"6299f629c65d4889b1d1763d","username":"s","fullname":"s","imgUrl":null,"score":100} 
4.6.2022, 16:40:38 - INFO - Setting socket.userId = 6299f629c65d4889b1d1763d for socket [id: 83xlnNckv2KBt4S_AAAC] 
4.6.2022, 16:40:38 - DEBUG - Getting Boards (userId: 6299f629c65d4889b1d1763d)
4.6.2022, 22:53:59 - INFO - Server is running on port: 3030 
4.6.2022, 22:54:01 - INFO - New connected socket [id: LTzQk1Ab2h5bwJECAAAB] 
4.6.2022, 22:54:15 - INFO - New connected socket [id: 5t44FtlU_-6KH5peAAAD] 
4.6.2022, 23:11:50 - INFO - New connected socket [id: Si_ORCiOsA9Mnu-1AAAF] 
4.6.2022, 23:11:51 - INFO - Setting socket.userId = 6299f629c65d4889b1d1763d for socket [id: Si_ORCiOsA9Mnu-1AAAF] 
4.6.2022, 23:12:20 - INFO - Socket disconnected [id: undefined] 
4.6.2022, 23:12:20 - INFO - Socket disconnected [id: undefined] 
5.6.2022, 7:32:58 - INFO - New connected socket [id: jzJAjnNKVhKSA9hGAAAI] 
5.6.2022, 7:32:59 - INFO - New connected socket [id: mktetBIsql4etxI6AAAJ] 
5.6.2022, 7:34:48 - INFO - Socket disconnected [id: undefined] 
5.6.2022, 7:34:48 - INFO - New connected socket [id: UP7OvvWdv9wzZ4ONAAAL] 
5.6.2022, 7:34:49 - INFO - Setting socket.userId = 6299f629c65d4889b1d1763d for socket [id: UP7OvvWdv9wzZ4ONAAAL] 
5.6.2022, 7:46:19 - INFO - Socket disconnected [id: undefined] 
5.6.2022, 7:46:20 - INFO - New connected socket [id: vky0QVD7-iMfuEZFAAAN] 
5.6.2022, 7:46:20 - INFO - Setting socket.userId = 6299f629c65d4889b1d1763d for socket [id: vky0QVD7-iMfuEZFAAAN] 
5.6.2022, 7:46:29 - INFO - Socket disconnected [id: undefined] 
5.6.2022, 7:46:30 - INFO - New connected socket [id: N7Uu-lq6BcI5Ki6mAAAP] 
5.6.2022, 7:46:30 - INFO - Setting socket.userId = 6299f629c65d4889b1d1763d for socket [id: N7Uu-lq6BcI5Ki6mAAAP] 
5.6.2022, 7:46:35 - DEBUG - Getting Boards (userId: 6299f629c65d4889b1d1763d)
5.6.2022, 7:48:09 - INFO - Socket disconnected [id: undefined] 
5.6.2022, 7:48:10 - INFO - New connected socket [id: WUvdJQvSXyq807p9AAAR] 
5.6.2022, 7:48:11 - INFO - Setting socket.userId = 6299f629c65d4889b1d1763d for socket [id: WUvdJQvSXyq807p9AAAR] 
5.6.2022, 7:48:50 - INFO - Socket disconnected [id: undefined] 
5.6.2022, 7:48:50 - INFO - New connected socket [id: V0baWFZmaas3AywaAAAT] 
5.6.2022, 7:48:51 - INFO - Setting socket.userId = 6299f629c65d4889b1d1763d for socket [id: V0baWFZmaas3AywaAAAT] 
5.6.2022, 7:49:02 - INFO - Socket disconnected [id: undefined] 
5.6.2022, 7:49:03 - INFO - New connected socket [id: vx365OWg79Yhg5E0AAAV] 
5.6.2022, 7:49:03 - INFO - Setting socket.userId = 6299f629c65d4889b1d1763d for socket [id: vx365OWg79Yhg5E0AAAV] 
5.6.2022, 7:49:06 - DEBUG - Getting Boards (userId: 6299f629c65d4889b1d1763d)
5.6.2022, 7:50:37 - INFO - Socket disconnected [id: undefined] 
5.6.2022, 7:50:38 - INFO - New connected socket [id: FAkHi2z1VNFj1EEnAAAX] 
5.6.2022, 7:50:38 - INFO - Setting socket.userId = 6299f629c65d4889b1d1763d for socket [id: FAkHi2z1VNFj1EEnAAAX] 
5.6.2022, 7:51:55 - INFO - Socket disconnected [id: undefined] 
5.6.2022, 7:51:56 - INFO - New connected socket [id: ETbMz8pb0L-6iO7fAAAZ] 
5.6.2022, 7:51:56 - INFO - Setting socket.userId = 6299f629c65d4889b1d1763d for socket [id: ETbMz8pb0L-6iO7fAAAZ] 
5.6.2022, 7:52:00 - DEBUG - Getting Boards (userId: 6299f629c65d4889b1d1763d)
5.6.2022, 7:52:26 - DEBUG - Getting Boards (userId: 6299f629c65d4889b1d1763d)
5.6.2022, 7:56:57 - DEBUG - Getting Boards (userId: 6299f629c65d4889b1d1763d)
5.6.2022, 7:57:40 - DEBUG - Getting Boards (userId: 6299f629c65d4889b1d1763d)
5.6.2022, 7:58:38 - INFO - Server is running on port: 3030 
5.6.2022, 7:58:39 - INFO - New connected socket [id: 3G-AJ3oSZ-U-wTmCAAAB] 
5.6.2022, 7:58:39 - INFO - New connected socket [id: Fuzaehu9Q26KcHjyAAAD] 
5.6.2022, 7:58:39 - INFO - New connected socket [id: utL1wA859X1tK9k2AAAF] 
5.6.2022, 7:58:48 - INFO - Socket disconnected [id: undefined] 
5.6.2022, 7:58:49 - INFO - New connected socket [id: H2GlqHhxslWL7hr2AAAH] 
5.6.2022, 7:58:50 - INFO - Setting socket.userId = 6299f629c65d4889b1d1763d for socket [id: H2GlqHhxslWL7hr2AAAH] 
5.6.2022, 7:59:02 - INFO - Server is running on port: 3030 
5.6.2022, 7:59:03 - INFO - New connected socket [id: QAu3mx7FEUhQayxYAAAB] 
5.6.2022, 7:59:03 - INFO - New connected socket [id: pvldjt0QCtG7f7JqAAAD] 
5.6.2022, 7:59:04 - INFO - New connected socket [id: PGwEILihWAqJlZYCAAAF] 
5.6.2022, 7:59:08 - INFO - Socket disconnected [id: undefined] 
5.6.2022, 7:59:09 - INFO - New connected socket [id: 0TVKL4-1WYzBHl7aAAAH] 
5.6.2022, 7:59:10 - INFO - Setting socket.userId = 6299f629c65d4889b1d1763d for socket [id: 0TVKL4-1WYzBHl7aAAAH] 
5.6.2022, 7:59:57 - DEBUG - Getting Boards (userId: 6299f629c65d4889b1d1763d)
5.6.2022, 8:00:06 - DEBUG - Getting Boards (userId: 6299f629c65d4889b1d1763d)
5.6.2022, 8:00:36 - INFO - Server is running on port: 3030 
5.6.2022, 8:00:37 - INFO - New connected socket [id: dyW7VX74QZC7nCttAAAB] 
5.6.2022, 8:00:37 - INFO - New connected socket [id: P58ad1xbOZ0sgloxAAAD] 
5.6.2022, 8:00:37 - INFO - New connected socket [id: xIuz9JT9CMyioevMAAAF] 
5.6.2022, 8:00:41 - INFO - Socket disconnected [id: undefined] 
5.6.2022, 8:00:42 - INFO - New connected socket [id: itezTGTUdFx6tKT5AAAH] 
5.6.2022, 8:00:42 - INFO - Setting socket.userId = 6299f629c65d4889b1d1763d for socket [id: itezTGTUdFx6tKT5AAAH] 
5.6.2022, 8:00:48 - DEBUG - Getting Boards (userId: 6299f629c65d4889b1d1763d)
5.6.2022, 8:00:59 - INFO - Socket disconnected [id: undefined] 
5.6.2022, 8:01:00 - INFO - New connected socket [id: l48n20VttuKAiXMFAAAJ] 
5.6.2022, 8:01:00 - INFO - Setting socket.userId = 6299f629c65d4889b1d1763d for socket [id: l48n20VttuKAiXMFAAAJ] 
5.6.2022, 8:01:06 - DEBUG - Getting Boards (userId: 6299f629c65d4889b1d1763d)
5.6.2022, 8:01:10 - INFO - Socket disconnected [id: undefined] 
5.6.2022, 8:01:11 - INFO - New connected socket [id: Gpcy-B-dxxDYDJeNAAAL] 
5.6.2022, 8:01:11 - DEBUG - Getting Boards (userId: 6299f629c65d4889b1d1763d)
5.6.2022, 8:01:11 - INFO - Setting socket.userId = 6299f629c65d4889b1d1763d for socket [id: Gpcy-B-dxxDYDJeNAAAL] 
5.6.2022, 8:05:05 - DEBUG - Getting Boards (userId: 6299f629c65d4889b1d1763d)
5.6.2022, 8:05:13 - INFO - Socket is leaving board 6298deb909347e47eb952045 [id: Gpcy-B-dxxDYDJeNAAAL] 
5.6.2022, 8:05:13 - INFO - Socket is leaving board 629b2ea89d1ac0f26d4106cb [id: Gpcy-B-dxxDYDJeNAAAL] 
5.6.2022, 8:06:12 - INFO - Server is running on port: 3030 
5.6.2022, 8:06:12 - INFO - New connected socket [id: KSdlVgw_slXw4cSMAAAB] 
5.6.2022, 8:06:12 - INFO - New connected socket [id: V_Xnx9iZZQtHUxwfAAAD] 
5.6.2022, 8:06:13 - INFO - New connected socket [id: GdtfQ-1qYQF3LdssAAAF] 
5.6.2022, 8:06:19 - DEBUG - Getting Boards (userId: 6299f629c65d4889b1d1763d)
5.6.2022, 8:06:20 - INFO - Socket is leaving board 6298deb909347e47eb952045 [id: KSdlVgw_slXw4cSMAAAB] 
5.6.2022, 8:06:29 - INFO - Server is running on port: 3030 
5.6.2022, 8:06:30 - INFO - New connected socket [id: oAvdbuk4_hQA1bfoAAAB] 
5.6.2022, 8:06:30 - INFO - New connected socket [id: eyJmablrQzIqj2_4AAAD] 
5.6.2022, 8:06:31 - INFO - New connected socket [id: bWUO6c9l20jB8RZQAAAF] 
5.6.2022, 8:06:41 - INFO - Socket disconnected [id: undefined] 
5.6.2022, 8:19:00 - INFO - New boardToUpdate from socket [id: eyJmablrQzIqj2_4AAAD], emitting to board 6298deb909347e47eb952045 
5.6.2022, 8:25:19 - INFO - New boardToUpdate from socket [id: oAvdbuk4_hQA1bfoAAAB], emitting to board 6298deb909347e47eb952045 
5.6.2022, 8:25:31 - INFO - New boardToUpdate from socket [id: oAvdbuk4_hQA1bfoAAAB], emitting to board 6298deb909347e47eb952045 
5.6.2022, 8:25:46 - INFO - New boardToUpdate from socket [id: oAvdbuk4_hQA1bfoAAAB], emitting to board 6298deb909347e47eb952045 
5.6.2022, 8:25:48 - INFO - New boardToUpdate from socket [id: oAvdbuk4_hQA1bfoAAAB], emitting to board 6298deb909347e47eb952045 
5.6.2022, 8:58:54 - INFO - Socket disconnected [id: undefined] 
5.6.2022, 9:28:15 - INFO - Socket disconnected [id: undefined] 
5.6.2022, 9:28:16 - INFO - New connected socket [id: BZAUUysDaYTXjGYFAAAH] 
5.6.2022, 9:28:34 - INFO - New connected socket [id: Z5gPCmLpwSJYvBXdAAAJ] 
5.6.2022, 9:33:42 - INFO - New boardToUpdate from socket [id: Z5gPCmLpwSJYvBXdAAAJ], emitting to board 6298deb909347e47eb952045 
5.6.2022, 9:38:33 - INFO - Server is running on port: 3030 
5.6.2022, 9:38:33 - INFO - New connected socket [id: wKTO2wOTHrO1t3HqAAAB] 
5.6.2022, 9:38:34 - INFO - New connected socket [id: WhCnW5qi6jBJKxFpAAAD] 
5.6.2022, 9:53:48 - INFO - New boardToUpdate from socket [id: WhCnW5qi6jBJKxFpAAAD], emitting to board 6298deb909347e47eb952045 
5.6.2022, 9:55:14 - INFO - New boardToUpdate from socket [id: WhCnW5qi6jBJKxFpAAAD], emitting to board 6298deb909347e47eb952045 
5.6.2022, 10:04:09 - INFO - Socket disconnected [id: undefined] 
5.6.2022, 10:04:09 - INFO - New connected socket [id: IzB70_KksqFUjB4ZAAAF] 
5.6.2022, 10:04:10 - INFO - Setting socket.userId = 6299f629c65d4889b1d1763d for socket [id: IzB70_KksqFUjB4ZAAAF] 
5.6.2022, 10:04:18 - INFO - Socket disconnected [id: undefined] 
5.6.2022, 10:04:19 - INFO - New connected socket [id: bBcaiVxWHu15Do-uAAAH] 
5.6.2022, 10:04:19 - INFO - Setting socket.userId = 6299f629c65d4889b1d1763d for socket [id: bBcaiVxWHu15Do-uAAAH] 
5.6.2022, 10:04:23 - DEBUG - Getting Boards (userId: 6299f629c65d4889b1d1763d)
5.6.2022, 10:04:50 - DEBUG - Getting Boards (userId: 6299f629c65d4889b1d1763d)
5.6.2022, 10:04:54 - INFO - Socket is leaving board 6298deb909347e47eb952045 [id: bBcaiVxWHu15Do-uAAAH] 
5.6.2022, 10:04:54 - INFO - Socket is leaving board [object Object] [id: bBcaiVxWHu15Do-uAAAH] 
5.6.2022, 10:12:34 - INFO - Server is running on port: 3030 
5.6.2022, 10:12:34 - INFO - New connected socket [id: eZpRH_u_V0c5ncxyAAAB] 
5.6.2022, 10:12:35 - INFO - New connected socket [id: NytgyWredluaCxviAAAD] 
5.6.2022, 10:12:41 - DEBUG - Getting Boards (userId: 6299f629c65d4889b1d1763d)
5.6.2022, 10:12:43 - INFO - Socket entered board 629b2ea89d1ac0f26d4106cb [id: eZpRH_u_V0c5ncxyAAAB] 
5.6.2022, 10:12:43 - INFO - Socket is leaving board 629b2ea89d1ac0f26d4106cb [id: eZpRH_u_V0c5ncxyAAAB] 
5.6.2022, 10:12:43 - INFO - Socket entered board 6298deb909347e47eb952045 [id: eZpRH_u_V0c5ncxyAAAB] 
5.6.2022, 10:12:43 - INFO - Socket entered board [object Object] [id: eZpRH_u_V0c5ncxyAAAB] 
5.6.2022, 10:12:43 - INFO - Socket is leaving board [object Object] [id: eZpRH_u_V0c5ncxyAAAB] 
5.6.2022, 10:13:19 - INFO - Socket disconnected [id: undefined] 
5.6.2022, 10:13:19 - INFO - New connected socket [id: xd7-X-C4QMHhX1GZAAAF] 
5.6.2022, 10:13:20 - INFO - Setting socket.userId = 6299f629c65d4889b1d1763d for socket [id: xd7-X-C4QMHhX1GZAAAF] 
5.6.2022, 10:13:31 - INFO - Socket disconnected [id: undefined] 
5.6.2022, 10:13:31 - INFO - New connected socket [id: mhHvSAbD5m6bxAGUAAAH] 
5.6.2022, 10:13:31 - INFO - Setting socket.userId = 6299f629c65d4889b1d1763d for socket [id: mhHvSAbD5m6bxAGUAAAH] 
5.6.2022, 10:13:33 - DEBUG - Getting Boards (userId: 6299f629c65d4889b1d1763d)
5.6.2022, 10:13:44 - INFO - Server is running on port: 3030 
5.6.2022, 10:13:44 - INFO - New connected socket [id: 2krZfbxO1fpC3B2JAAAB] 
5.6.2022, 10:13:45 - INFO - New connected socket [id: 1K2mTTUE7Afz4XiUAAAD] 
5.6.2022, 10:14:10 - INFO - Socket disconnected [id: undefined] 
5.6.2022, 10:14:11 - INFO - New connected socket [id: doSpwV5WAPDgSaUIAAAF] 
5.6.2022, 10:14:12 - INFO - Setting socket.userId = 6299f629c65d4889b1d1763d for socket [id: doSpwV5WAPDgSaUIAAAF] 
5.6.2022, 10:16:54 - INFO - Socket entered board 6298deb909347e47eb952045 [id: 2krZfbxO1fpC3B2JAAAB] 
5.6.2022, 10:16:55 - INFO - Socket entered board 6298deb909347e47eb952045 [id: doSpwV5WAPDgSaUIAAAF] 
5.6.2022, 10:17:06 - INFO - Socket disconnected [id: undefined] 
5.6.2022, 10:17:07 - INFO - New connected socket [id: 2trf-yQD8AAxlBIeAAAH] 
5.6.2022, 10:17:08 - INFO - Setting socket.userId = 6299f629c65d4889b1d1763d for socket [id: 2trf-yQD8AAxlBIeAAAH] 
5.6.2022, 10:18:33 - INFO - Socket disconnected [id: undefined] 
5.6.2022, 10:18:36 - INFO - New connected socket [id: FdFA__0Bn7DNTBw0AAAJ] 
5.6.2022, 10:18:36 - INFO - Setting socket.userId = 6299f629c65d4889b1d1763d for socket [id: FdFA__0Bn7DNTBw0AAAJ] 
5.6.2022, 10:19:47 - INFO - Socket disconnected [id: undefined] 
5.6.2022, 10:19:48 - INFO - New connected socket [id: c_yAjGsf2Ijsz9GFAAAL] 
5.6.2022, 10:19:48 - INFO - Setting socket.userId = 6299f629c65d4889b1d1763d for socket [id: c_yAjGsf2Ijsz9GFAAAL] 
5.6.2022, 10:42:29 - INFO - Server is running on port: 3030 
5.6.2022, 10:42:29 - INFO - New connected socket [id: TePxGLxdND9UrF3RAAAB] 
5.6.2022, 10:42:29 - INFO - Setting socket.userId = 6299f629c65d4889b1d1763d for socket [id: TePxGLxdND9UrF3RAAAB] 
5.6.2022, 10:42:35 - INFO - New connected socket [id: Hy7w_M9bCJhI4viaAAAD] 
5.6.2022, 10:42:35 - INFO - Setting socket.userId = 6299f629c65d4889b1d1763d for socket [id: Hy7w_M9bCJhI4viaAAAD] 
5.6.2022, 10:43:03 - INFO - Socket disconnected [id: undefined] 
5.6.2022, 10:43:13 - INFO - New connected socket [id: Mr4Cfoc0HuldDaF9AAAF] 
5.6.2022, 10:43:16 - DEBUG - Getting Boards (userId: 6299f629c65d4889b1d1763d)
5.6.2022, 10:43:39 - INFO - Socket disconnected [id: undefined] 
5.6.2022, 10:43:40 - INFO - New connected socket [id: 5M7x9dWRwNppRCl9AAAH] 
5.6.2022, 10:43:40 - INFO - Setting socket.userId = 6299f629c65d4889b1d1763d for socket [id: 5M7x9dWRwNppRCl9AAAH] 
5.6.2022, 10:55:32 - DEBUG - Getting Boards (userId: 6299f629c65d4889b1d1763d)
5.6.2022, 11:06:28 - INFO - Socket entered board 6298deb909347e47eb952045 [id: 5M7x9dWRwNppRCl9AAAH] 
5.6.2022, 11:06:29 - INFO - Socket entered board 6298deb909347e47eb952045 [id: Mr4Cfoc0HuldDaF9AAAF] 
5.6.2022, 11:15:43 - DEBUG - Getting Boards (userId: 6299f629c65d4889b1d1763d)
5.6.2022, 11:15:44 - INFO - Socket is leaving board 6298deb909347e47eb952045 [id: Mr4Cfoc0HuldDaF9AAAF] 
5.6.2022, 11:15:44 - INFO - Socket entered board null [id: Mr4Cfoc0HuldDaF9AAAF] 
5.6.2022, 11:16:16 - DEBUG - Getting Boards (userId: 6299f629c65d4889b1d1763d)
5.6.2022, 11:16:40 - DEBUG - Getting Boards (userId: 6299f629c65d4889b1d1763d)
5.6.2022, 11:26:18 - INFO - Socket entered board 6298deb909347e47eb952045 [id: Mr4Cfoc0HuldDaF9AAAF] 
5.6.2022, 11:27:51 - DEBUG - Getting Boards (userId: 6299f629c65d4889b1d1763d)
5.6.2022, 11:28:02 - DEBUG - Getting Boards (userId: 6299f629c65d4889b1d1763d)
5.6.2022, 11:28:17 - DEBUG - Getting Boards (userId: 6299f629c65d4889b1d1763d)
5.6.2022, 11:28:29 - DEBUG - Getting Boards (userId: 6299f629c65d4889b1d1763d)
5.6.2022, 11:28:30 - INFO - Socket is leaving board 6298deb909347e47eb952045 [id: Mr4Cfoc0HuldDaF9AAAF] 
5.6.2022, 11:28:31 - INFO - Socket entered board 629b2ea89d1ac0f26d4106cb [id: Mr4Cfoc0HuldDaF9AAAF] 
5.6.2022, 11:28:42 - DEBUG - Getting Boards (userId: 6299f629c65d4889b1d1763d)
5.6.2022, 11:28:43 - INFO - Socket is leaving board 629b2ea89d1ac0f26d4106cb [id: Mr4Cfoc0HuldDaF9AAAF] 
5.6.2022, 11:28:43 - INFO - Socket entered board 6298deb909347e47eb952045 [id: Mr4Cfoc0HuldDaF9AAAF] 
5.6.2022, 11:53:36 - DEBUG - Getting Boards (userId: 6299f629c65d4889b1d1763d)
5.6.2022, 12:02:05 - INFO - Socket disconnected [id: undefined] 
5.6.2022, 12:02:06 - INFO - New connected socket [id: LvBJgZrjYYSDkpvwAAAJ] 
5.6.2022, 12:02:06 - INFO - Setting socket.userId = 6299f629c65d4889b1d1763d for socket [id: LvBJgZrjYYSDkpvwAAAJ] 
5.6.2022, 12:02:25 - INFO - Socket disconnected [id: undefined] 
5.6.2022, 12:02:25 - INFO - New connected socket [id: rVfPlhIEn31q8iw4AAAL] 
5.6.2022, 12:02:26 - INFO - Setting socket.userId = 6299f629c65d4889b1d1763d for socket [id: rVfPlhIEn31q8iw4AAAL] 
5.6.2022, 12:02:29 - DEBUG - Getting Boards (userId: 6299f629c65d4889b1d1763d)
5.6.2022, 12:02:34 - INFO - Socket disconnected [id: undefined] 
5.6.2022, 12:02:35 - INFO - New connected socket [id: dV6m0d5caXeDYrQ5AAAN] 
5.6.2022, 12:03:39 - INFO - Server is running on port: 3030 
5.6.2022, 12:03:42 - INFO - New connected socket [id: N2iLDK7N9ul9p3VFAAAB] 
5.6.2022, 12:03:44 - INFO - New connected socket [id: A6g_K9ZcoTlD2uglAAAD] 
5.6.2022, 12:04:06 - INFO - Socket disconnected [id: undefined] 
5.6.2022, 12:04:14 - INFO - New connected socket [id: 3RQPIOvN_K-1QpliAAAF] 
5.6.2022, 12:04:18 - INFO - Socket disconnected [id: undefined] 
5.6.2022, 12:04:20 - INFO - New connected socket [id: kfRjno8qPRUrUUQlAAAH] 
5.6.2022, 12:04:20 - INFO - Setting socket.userId = 6299f629c65d4889b1d1763d for socket [id: kfRjno8qPRUrUUQlAAAH] 
5.6.2022, 12:04:26 - DEBUG - Getting Boards (userId: 6299f629c65d4889b1d1763d)
5.6.2022, 12:04:30 - DEBUG - Getting Boards (userId: 6299f629c65d4889b1d1763d)
5.6.2022, 12:34:13 - INFO - Socket entered board 6298deb909347e47eb952045 [id: kfRjno8qPRUrUUQlAAAH] 
5.6.2022, 12:34:17 - INFO - Socket entered board 6298deb909347e47eb952045 [id: 3RQPIOvN_K-1QpliAAAF] 
5.6.2022, 12:42:08 - INFO - Socket disconnected [id: undefined] 
5.6.2022, 12:42:12 - INFO - New connected socket [id: IOcI0GkQKVXw4J2tAAAJ] 
5.6.2022, 12:42:13 - INFO - Socket entered board 6298deb909347e47eb952045 [id: IOcI0GkQKVXw4J2tAAAJ] 
5.6.2022, 12:44:56 - INFO - Server is running on port: 3030 
5.6.2022, 12:44:56 - INFO - New connected socket [id: VZ6JeZL8UlKi7gIXAAAB] 
5.6.2022, 12:44:57 - INFO - New connected socket [id: q6rPX07curi2vp7kAAAD] 
5.6.2022, 12:45:27 - INFO - Socket entered board 6298deb909347e47eb952045 [id: q6rPX07curi2vp7kAAAD] 
5.6.2022, 12:45:28 - INFO - Socket entered board 6298deb909347e47eb952045 [id: VZ6JeZL8UlKi7gIXAAAB] 
5.6.2022, 12:45:39 - INFO - New boardToUpdate from socket [id: VZ6JeZL8UlKi7gIXAAAB], emitting to board 6298deb909347e47eb952045 
5.6.2022, 12:46:15 - INFO - New boardToUpdate from socket [id: VZ6JeZL8UlKi7gIXAAAB], emitting to board 6298deb909347e47eb952045 
5.6.2022, 12:46:15 - INFO - New boardToUpdate from socket [id: VZ6JeZL8UlKi7gIXAAAB], emitting to board 6298deb909347e47eb952045 
5.6.2022, 12:46:29 - INFO - Socket disconnected [id: undefined] 
5.6.2022, 12:46:31 - INFO - New connected socket [id: pYt1I2UnmyUOmIuKAAAF] 
5.6.2022, 12:46:35 - DEBUG - Getting Boards (userId: 6299f629c65d4889b1d1763d)
5.6.2022, 12:46:36 - INFO - Socket entered board 6298deb909347e47eb952045 [id: pYt1I2UnmyUOmIuKAAAF] 
5.6.2022, 12:46:52 - INFO - New boardToUpdate from socket [id: pYt1I2UnmyUOmIuKAAAF], emitting to board 6298deb909347e47eb952045 
5.6.2022, 12:54:14 - INFO - Socket disconnected [id: undefined] 
5.6.2022, 12:54:16 - INFO - New connected socket [id: nzBHCbVw5iI_8SsoAAAH] 
5.6.2022, 12:54:17 - INFO - Socket entered board 6298deb909347e47eb952045 [id: nzBHCbVw5iI_8SsoAAAH] 
5.6.2022, 12:54:20 - INFO - Server is running on port: 3030 
5.6.2022, 12:54:20 - INFO - New connected socket [id: H7VOD4kdmaWJO9h-AAAC] 
5.6.2022, 12:54:20 - INFO - New connected socket [id: 4MZSpEZBM5zNbjAFAAAD] 
5.6.2022, 12:54:23 - INFO - Socket disconnected [id: undefined] 
5.6.2022, 12:54:24 - INFO - New connected socket [id: dO8hUzzQIzvBoLceAAAF] 
5.6.2022, 12:54:24 - INFO - Socket disconnected [id: undefined] 
5.6.2022, 12:54:26 - INFO - New connected socket [id: tMj15Xnvwo10Rf8-AAAH] 
5.6.2022, 12:54:26 - INFO - Socket entered board 6298deb909347e47eb952045 [id: dO8hUzzQIzvBoLceAAAF] 
5.6.2022, 12:54:27 - INFO - Setting socket.userId = 6299f629c65d4889b1d1763d for socket [id: tMj15Xnvwo10Rf8-AAAH] 
5.6.2022, 12:54:27 - INFO - Socket entered board 6298deb909347e47eb952045 [id: tMj15Xnvwo10Rf8-AAAH] 
5.6.2022, 12:54:38 - INFO - New boardToUpdate from socket [id: dO8hUzzQIzvBoLceAAAF], emitting to board 6298deb909347e47eb952045 
5.6.2022, 12:56:29 - INFO - Socket disconnected [id: undefined] 
5.6.2022, 12:56:30 - INFO - New connected socket [id: rshRC3qJUuECI_gAAAAJ] 
5.6.2022, 12:56:31 - INFO - Setting socket.userId = 6299f629c65d4889b1d1763d for socket [id: rshRC3qJUuECI_gAAAAJ] 
5.6.2022, 12:56:31 - INFO - Socket disconnected [id: undefined] 
5.6.2022, 12:56:31 - INFO - Socket entered board 6298deb909347e47eb952045 [id: rshRC3qJUuECI_gAAAAJ] 
5.6.2022, 12:56:33 - INFO - New connected socket [id: px6y6VtxO3Sl3X8aAAAL] 
5.6.2022, 12:56:34 - INFO - Socket entered board 6298deb909347e47eb952045 [id: px6y6VtxO3Sl3X8aAAAL] 
5.6.2022, 12:56:46 - INFO - New boardToUpdate from socket [id: px6y6VtxO3Sl3X8aAAAL], emitting to board 6298deb909347e47eb952045 
5.6.2022, 13:03:41 - INFO - New boardToUpdate from socket [id: px6y6VtxO3Sl3X8aAAAL], emitting to board 6298deb909347e47eb952045 
5.6.2022, 13:03:43 - INFO - New boardToUpdate from socket [id: px6y6VtxO3Sl3X8aAAAL], emitting to board 6298deb909347e47eb952045 
5.6.2022, 13:03:48 - INFO - New boardToUpdate from socket [id: px6y6VtxO3Sl3X8aAAAL], emitting to board 6298deb909347e47eb952045 
5.6.2022, 13:05:05 - INFO - New boardToUpdate from socket [id: rshRC3qJUuECI_gAAAAJ], emitting to board 6298deb909347e47eb952045 
5.6.2022, 13:05:07 - INFO - New boardToUpdate from socket [id: rshRC3qJUuECI_gAAAAJ], emitting to board 6298deb909347e47eb952045 
5.6.2022, 13:05:09 - INFO - New boardToUpdate from socket [id: rshRC3qJUuECI_gAAAAJ], emitting to board 6298deb909347e47eb952045 
